ARM GAS  /tmp/ccELFNFN.s 			page 1


   1              		.cpu cortex-m4
   2              		.eabi_attribute 27, 1
   3              		.eabi_attribute 28, 1
   4              		.eabi_attribute 20, 1
   5              		.eabi_attribute 21, 1
   6              		.eabi_attribute 23, 3
   7              		.eabi_attribute 24, 1
   8              		.eabi_attribute 25, 1
   9              		.eabi_attribute 26, 1
  10              		.eabi_attribute 30, 2
  11              		.eabi_attribute 34, 1
  12              		.eabi_attribute 18, 4
  13              		.file	"stm32f3xx_hal.c"
  14              		.text
  15              	.Ltext0:
  16              		.cfi_sections	.debug_frame
  17              		.section	.text.HAL_MspInit,"ax",%progbits
  18              		.align	1
  19              		.p2align 2,,3
  20              		.weak	HAL_MspInit
  21              		.arch armv7e-m
  22              		.syntax unified
  23              		.thumb
  24              		.thumb_func
  25              		.fpu fpv4-sp-d16
  27              	HAL_MspInit:
  28              	.LFB132:
  29              		.file 1 "Drivers/STM32F3xx_HAL_Driver/Src/stm32f3xx_hal.c"
   1:Drivers/STM32F3xx_HAL_Driver/Src/stm32f3xx_hal.c **** /**
   2:Drivers/STM32F3xx_HAL_Driver/Src/stm32f3xx_hal.c ****   ******************************************************************************
   3:Drivers/STM32F3xx_HAL_Driver/Src/stm32f3xx_hal.c ****   * @file    stm32f3xx_hal.c
   4:Drivers/STM32F3xx_HAL_Driver/Src/stm32f3xx_hal.c ****   * @author  MCD Application Team
   5:Drivers/STM32F3xx_HAL_Driver/Src/stm32f3xx_hal.c ****   * @brief   HAL module driver.
   6:Drivers/STM32F3xx_HAL_Driver/Src/stm32f3xx_hal.c ****   *          This is the common part of the HAL initialization
   7:Drivers/STM32F3xx_HAL_Driver/Src/stm32f3xx_hal.c ****   *
   8:Drivers/STM32F3xx_HAL_Driver/Src/stm32f3xx_hal.c ****   ******************************************************************************
   9:Drivers/STM32F3xx_HAL_Driver/Src/stm32f3xx_hal.c ****   * @attention
  10:Drivers/STM32F3xx_HAL_Driver/Src/stm32f3xx_hal.c ****   *
  11:Drivers/STM32F3xx_HAL_Driver/Src/stm32f3xx_hal.c ****   * Copyright (c) 2016 STMicroelectronics.
  12:Drivers/STM32F3xx_HAL_Driver/Src/stm32f3xx_hal.c ****   * All rights reserved.
  13:Drivers/STM32F3xx_HAL_Driver/Src/stm32f3xx_hal.c ****   *
  14:Drivers/STM32F3xx_HAL_Driver/Src/stm32f3xx_hal.c ****   * This software is licensed under terms that can be found in the LICENSE file
  15:Drivers/STM32F3xx_HAL_Driver/Src/stm32f3xx_hal.c ****   * in the root directory of this software component.
  16:Drivers/STM32F3xx_HAL_Driver/Src/stm32f3xx_hal.c ****   * If no LICENSE file comes with this software, it is provided AS-IS.
  17:Drivers/STM32F3xx_HAL_Driver/Src/stm32f3xx_hal.c ****   *
  18:Drivers/STM32F3xx_HAL_Driver/Src/stm32f3xx_hal.c ****   ******************************************************************************
  19:Drivers/STM32F3xx_HAL_Driver/Src/stm32f3xx_hal.c ****   @verbatim
  20:Drivers/STM32F3xx_HAL_Driver/Src/stm32f3xx_hal.c ****   ==============================================================================
  21:Drivers/STM32F3xx_HAL_Driver/Src/stm32f3xx_hal.c ****                      ##### How to use this driver #####
  22:Drivers/STM32F3xx_HAL_Driver/Src/stm32f3xx_hal.c ****   ==============================================================================
  23:Drivers/STM32F3xx_HAL_Driver/Src/stm32f3xx_hal.c ****     [..]
  24:Drivers/STM32F3xx_HAL_Driver/Src/stm32f3xx_hal.c ****     The common HAL driver contains a set of generic and common APIs that can be
  25:Drivers/STM32F3xx_HAL_Driver/Src/stm32f3xx_hal.c ****     used by the PPP peripheral drivers and the user to start using the HAL.
  26:Drivers/STM32F3xx_HAL_Driver/Src/stm32f3xx_hal.c ****     [..]
  27:Drivers/STM32F3xx_HAL_Driver/Src/stm32f3xx_hal.c ****     The HAL contains two APIs categories:
  28:Drivers/STM32F3xx_HAL_Driver/Src/stm32f3xx_hal.c ****          (+) HAL Initialization and de-initialization functions
  29:Drivers/STM32F3xx_HAL_Driver/Src/stm32f3xx_hal.c ****          (+) HAL Control functions
ARM GAS  /tmp/ccELFNFN.s 			page 2


  30:Drivers/STM32F3xx_HAL_Driver/Src/stm32f3xx_hal.c **** 
  31:Drivers/STM32F3xx_HAL_Driver/Src/stm32f3xx_hal.c ****   @endverbatim
  32:Drivers/STM32F3xx_HAL_Driver/Src/stm32f3xx_hal.c ****   ******************************************************************************
  33:Drivers/STM32F3xx_HAL_Driver/Src/stm32f3xx_hal.c ****   */
  34:Drivers/STM32F3xx_HAL_Driver/Src/stm32f3xx_hal.c **** 
  35:Drivers/STM32F3xx_HAL_Driver/Src/stm32f3xx_hal.c **** /* Includes ------------------------------------------------------------------*/
  36:Drivers/STM32F3xx_HAL_Driver/Src/stm32f3xx_hal.c **** #include "stm32f3xx_hal.h"
  37:Drivers/STM32F3xx_HAL_Driver/Src/stm32f3xx_hal.c **** 
  38:Drivers/STM32F3xx_HAL_Driver/Src/stm32f3xx_hal.c **** /** @addtogroup STM32F3xx_HAL_Driver
  39:Drivers/STM32F3xx_HAL_Driver/Src/stm32f3xx_hal.c ****   * @{
  40:Drivers/STM32F3xx_HAL_Driver/Src/stm32f3xx_hal.c ****   */
  41:Drivers/STM32F3xx_HAL_Driver/Src/stm32f3xx_hal.c **** 
  42:Drivers/STM32F3xx_HAL_Driver/Src/stm32f3xx_hal.c **** /** @defgroup HAL HAL
  43:Drivers/STM32F3xx_HAL_Driver/Src/stm32f3xx_hal.c ****   * @brief HAL module driver.
  44:Drivers/STM32F3xx_HAL_Driver/Src/stm32f3xx_hal.c ****   * @{
  45:Drivers/STM32F3xx_HAL_Driver/Src/stm32f3xx_hal.c ****   */
  46:Drivers/STM32F3xx_HAL_Driver/Src/stm32f3xx_hal.c **** 
  47:Drivers/STM32F3xx_HAL_Driver/Src/stm32f3xx_hal.c **** #ifdef HAL_MODULE_ENABLED
  48:Drivers/STM32F3xx_HAL_Driver/Src/stm32f3xx_hal.c **** 
  49:Drivers/STM32F3xx_HAL_Driver/Src/stm32f3xx_hal.c **** /* Private typedef -----------------------------------------------------------*/
  50:Drivers/STM32F3xx_HAL_Driver/Src/stm32f3xx_hal.c **** /* Private define ------------------------------------------------------------*/
  51:Drivers/STM32F3xx_HAL_Driver/Src/stm32f3xx_hal.c **** /** @defgroup HAL_Private Constants
  52:Drivers/STM32F3xx_HAL_Driver/Src/stm32f3xx_hal.c ****   * @{
  53:Drivers/STM32F3xx_HAL_Driver/Src/stm32f3xx_hal.c ****   */
  54:Drivers/STM32F3xx_HAL_Driver/Src/stm32f3xx_hal.c **** /**
  55:Drivers/STM32F3xx_HAL_Driver/Src/stm32f3xx_hal.c ****  * @brief STM32F3xx HAL Driver version number V1.5.7
  56:Drivers/STM32F3xx_HAL_Driver/Src/stm32f3xx_hal.c ****    */
  57:Drivers/STM32F3xx_HAL_Driver/Src/stm32f3xx_hal.c **** #define __STM32F3xx_HAL_VERSION_MAIN   (0x01U) /*!< [31:24] main version */
  58:Drivers/STM32F3xx_HAL_Driver/Src/stm32f3xx_hal.c **** #define __STM32F3xx_HAL_VERSION_SUB1   (0x05U) /*!< [23:16] sub1 version */
  59:Drivers/STM32F3xx_HAL_Driver/Src/stm32f3xx_hal.c **** #define __STM32F3xx_HAL_VERSION_SUB2   (0x07U) /*!< [15:8]  sub2 version */
  60:Drivers/STM32F3xx_HAL_Driver/Src/stm32f3xx_hal.c **** #define __STM32F3xx_HAL_VERSION_RC     (0x00U) /*!< [7:0]  release candidate */
  61:Drivers/STM32F3xx_HAL_Driver/Src/stm32f3xx_hal.c **** #define __STM32F3xx_HAL_VERSION         ((__STM32F3xx_HAL_VERSION_MAIN << 24U)\
  62:Drivers/STM32F3xx_HAL_Driver/Src/stm32f3xx_hal.c ****                                         |(__STM32F3xx_HAL_VERSION_SUB1 << 16U)\
  63:Drivers/STM32F3xx_HAL_Driver/Src/stm32f3xx_hal.c ****                                         |(__STM32F3xx_HAL_VERSION_SUB2 << 8U )\
  64:Drivers/STM32F3xx_HAL_Driver/Src/stm32f3xx_hal.c ****                                         |(__STM32F3xx_HAL_VERSION_RC))
  65:Drivers/STM32F3xx_HAL_Driver/Src/stm32f3xx_hal.c **** 
  66:Drivers/STM32F3xx_HAL_Driver/Src/stm32f3xx_hal.c **** #define IDCODE_DEVID_MASK    (0x00000FFFU)
  67:Drivers/STM32F3xx_HAL_Driver/Src/stm32f3xx_hal.c **** /**
  68:Drivers/STM32F3xx_HAL_Driver/Src/stm32f3xx_hal.c ****   * @}
  69:Drivers/STM32F3xx_HAL_Driver/Src/stm32f3xx_hal.c ****   */
  70:Drivers/STM32F3xx_HAL_Driver/Src/stm32f3xx_hal.c ****   
  71:Drivers/STM32F3xx_HAL_Driver/Src/stm32f3xx_hal.c **** /* Private macro -------------------------------------------------------------*/
  72:Drivers/STM32F3xx_HAL_Driver/Src/stm32f3xx_hal.c **** /* Exported variables --------------------------------------------------------*/
  73:Drivers/STM32F3xx_HAL_Driver/Src/stm32f3xx_hal.c **** /** @defgroup HAL_Exported_Variables HAL Exported Variables
  74:Drivers/STM32F3xx_HAL_Driver/Src/stm32f3xx_hal.c ****   * @{
  75:Drivers/STM32F3xx_HAL_Driver/Src/stm32f3xx_hal.c ****   */
  76:Drivers/STM32F3xx_HAL_Driver/Src/stm32f3xx_hal.c **** __IO uint32_t uwTick;
  77:Drivers/STM32F3xx_HAL_Driver/Src/stm32f3xx_hal.c **** uint32_t uwTickPrio   = (1UL << __NVIC_PRIO_BITS); /* Invalid PRIO */
  78:Drivers/STM32F3xx_HAL_Driver/Src/stm32f3xx_hal.c **** HAL_TickFreqTypeDef uwTickFreq = HAL_TICK_FREQ_DEFAULT;  /* 1KHz */
  79:Drivers/STM32F3xx_HAL_Driver/Src/stm32f3xx_hal.c **** /**
  80:Drivers/STM32F3xx_HAL_Driver/Src/stm32f3xx_hal.c ****   * @}
  81:Drivers/STM32F3xx_HAL_Driver/Src/stm32f3xx_hal.c ****   */
  82:Drivers/STM32F3xx_HAL_Driver/Src/stm32f3xx_hal.c **** /* Private function prototypes -----------------------------------------------*/
  83:Drivers/STM32F3xx_HAL_Driver/Src/stm32f3xx_hal.c **** /* Exported functions ---------------------------------------------------------*/
  84:Drivers/STM32F3xx_HAL_Driver/Src/stm32f3xx_hal.c **** 
  85:Drivers/STM32F3xx_HAL_Driver/Src/stm32f3xx_hal.c **** /** @defgroup HAL_Exported_Functions HAL Exported Functions
  86:Drivers/STM32F3xx_HAL_Driver/Src/stm32f3xx_hal.c ****   * @{
ARM GAS  /tmp/ccELFNFN.s 			page 3


  87:Drivers/STM32F3xx_HAL_Driver/Src/stm32f3xx_hal.c ****   */
  88:Drivers/STM32F3xx_HAL_Driver/Src/stm32f3xx_hal.c **** 
  89:Drivers/STM32F3xx_HAL_Driver/Src/stm32f3xx_hal.c **** /** @defgroup HAL_Exported_Functions_Group1 Initialization and de-initialization Functions 
  90:Drivers/STM32F3xx_HAL_Driver/Src/stm32f3xx_hal.c ****  *  @brief    Initialization and de-initialization functions
  91:Drivers/STM32F3xx_HAL_Driver/Src/stm32f3xx_hal.c ****  *
  92:Drivers/STM32F3xx_HAL_Driver/Src/stm32f3xx_hal.c **** @verbatim
  93:Drivers/STM32F3xx_HAL_Driver/Src/stm32f3xx_hal.c ****  ===============================================================================
  94:Drivers/STM32F3xx_HAL_Driver/Src/stm32f3xx_hal.c ****               ##### Initialization and de-initialization functions #####
  95:Drivers/STM32F3xx_HAL_Driver/Src/stm32f3xx_hal.c ****  ===============================================================================
  96:Drivers/STM32F3xx_HAL_Driver/Src/stm32f3xx_hal.c ****     [..]  This section provides functions allowing to:
  97:Drivers/STM32F3xx_HAL_Driver/Src/stm32f3xx_hal.c ****       (+) Initializes the Flash interface, the NVIC allocation and initial clock 
  98:Drivers/STM32F3xx_HAL_Driver/Src/stm32f3xx_hal.c ****           configuration. It initializes the systick also when timeout is needed
  99:Drivers/STM32F3xx_HAL_Driver/Src/stm32f3xx_hal.c ****           and the backup domain when enabled.
 100:Drivers/STM32F3xx_HAL_Driver/Src/stm32f3xx_hal.c ****       (+) de-Initializes common part of the HAL.
 101:Drivers/STM32F3xx_HAL_Driver/Src/stm32f3xx_hal.c ****       (+) Configure The time base source to have 1ms time base with a dedicated 
 102:Drivers/STM32F3xx_HAL_Driver/Src/stm32f3xx_hal.c ****           Tick interrupt priority. 
 103:Drivers/STM32F3xx_HAL_Driver/Src/stm32f3xx_hal.c ****         (++) SysTick timer is used by default as source of time base, but user 
 104:Drivers/STM32F3xx_HAL_Driver/Src/stm32f3xx_hal.c ****              can eventually implement his proper time base source (a general purpose 
 105:Drivers/STM32F3xx_HAL_Driver/Src/stm32f3xx_hal.c ****              timer for example or other time source), keeping in mind that Time base 
 106:Drivers/STM32F3xx_HAL_Driver/Src/stm32f3xx_hal.c ****              duration should be kept 1ms since PPP_TIMEOUT_VALUEs are defined and 
 107:Drivers/STM32F3xx_HAL_Driver/Src/stm32f3xx_hal.c ****              handled in milliseconds basis.
 108:Drivers/STM32F3xx_HAL_Driver/Src/stm32f3xx_hal.c ****         (++) Time base configuration function (HAL_InitTick ()) is called automatically 
 109:Drivers/STM32F3xx_HAL_Driver/Src/stm32f3xx_hal.c ****              at the beginning of the program after reset by HAL_Init() or at any time 
 110:Drivers/STM32F3xx_HAL_Driver/Src/stm32f3xx_hal.c ****              when clock is configured, by HAL_RCC_ClockConfig(). 
 111:Drivers/STM32F3xx_HAL_Driver/Src/stm32f3xx_hal.c ****         (++) Source of time base is configured  to generate interrupts at regular 
 112:Drivers/STM32F3xx_HAL_Driver/Src/stm32f3xx_hal.c ****              time intervals. Care must be taken if HAL_Delay() is called from a 
 113:Drivers/STM32F3xx_HAL_Driver/Src/stm32f3xx_hal.c ****              peripheral ISR process, the Tick interrupt line must have higher priority 
 114:Drivers/STM32F3xx_HAL_Driver/Src/stm32f3xx_hal.c ****             (numerically lower) than the peripheral interrupt. Otherwise the caller 
 115:Drivers/STM32F3xx_HAL_Driver/Src/stm32f3xx_hal.c ****             ISR process will be blocked. 
 116:Drivers/STM32F3xx_HAL_Driver/Src/stm32f3xx_hal.c ****        (++) functions affecting time base configurations are declared as __Weak  
 117:Drivers/STM32F3xx_HAL_Driver/Src/stm32f3xx_hal.c ****              to make  override possible  in case of other  implementations in user file.
 118:Drivers/STM32F3xx_HAL_Driver/Src/stm32f3xx_hal.c **** 
 119:Drivers/STM32F3xx_HAL_Driver/Src/stm32f3xx_hal.c **** @endverbatim
 120:Drivers/STM32F3xx_HAL_Driver/Src/stm32f3xx_hal.c ****   * @{
 121:Drivers/STM32F3xx_HAL_Driver/Src/stm32f3xx_hal.c ****   */
 122:Drivers/STM32F3xx_HAL_Driver/Src/stm32f3xx_hal.c **** 
 123:Drivers/STM32F3xx_HAL_Driver/Src/stm32f3xx_hal.c **** /**
 124:Drivers/STM32F3xx_HAL_Driver/Src/stm32f3xx_hal.c ****   * @brief  This function configures the Flash prefetch, 
 125:Drivers/STM32F3xx_HAL_Driver/Src/stm32f3xx_hal.c ****   *         Configures time base source, NVIC and Low level hardware
 126:Drivers/STM32F3xx_HAL_Driver/Src/stm32f3xx_hal.c ****   * @note   This function is called at the beginning of program after reset and before 
 127:Drivers/STM32F3xx_HAL_Driver/Src/stm32f3xx_hal.c ****   *         the clock configuration
 128:Drivers/STM32F3xx_HAL_Driver/Src/stm32f3xx_hal.c ****   *             
 129:Drivers/STM32F3xx_HAL_Driver/Src/stm32f3xx_hal.c ****   * @note   The Systick configuration is based on HSI clock, as HSI is the clock
 130:Drivers/STM32F3xx_HAL_Driver/Src/stm32f3xx_hal.c ****   *         used after a system Reset and the NVIC configuration is set to Priority group 4 
 131:Drivers/STM32F3xx_HAL_Driver/Src/stm32f3xx_hal.c ****   *            
 132:Drivers/STM32F3xx_HAL_Driver/Src/stm32f3xx_hal.c ****   * @note   The time base configuration is based on MSI clock when exiting from Reset.
 133:Drivers/STM32F3xx_HAL_Driver/Src/stm32f3xx_hal.c ****   *         Once done, time base tick start incrementing.
 134:Drivers/STM32F3xx_HAL_Driver/Src/stm32f3xx_hal.c ****   *         In the default implementation,Systick is used as source of time base.
 135:Drivers/STM32F3xx_HAL_Driver/Src/stm32f3xx_hal.c ****   *       The tick variable is incremented each 1ms in its ISR.
 136:Drivers/STM32F3xx_HAL_Driver/Src/stm32f3xx_hal.c ****   * @retval HAL status
 137:Drivers/STM32F3xx_HAL_Driver/Src/stm32f3xx_hal.c ****   */
 138:Drivers/STM32F3xx_HAL_Driver/Src/stm32f3xx_hal.c **** HAL_StatusTypeDef HAL_Init(void)
 139:Drivers/STM32F3xx_HAL_Driver/Src/stm32f3xx_hal.c **** {
 140:Drivers/STM32F3xx_HAL_Driver/Src/stm32f3xx_hal.c ****   /* Configure Flash prefetch */
 141:Drivers/STM32F3xx_HAL_Driver/Src/stm32f3xx_hal.c **** #if (PREFETCH_ENABLE != 0U)
 142:Drivers/STM32F3xx_HAL_Driver/Src/stm32f3xx_hal.c ****   __HAL_FLASH_PREFETCH_BUFFER_ENABLE();
 143:Drivers/STM32F3xx_HAL_Driver/Src/stm32f3xx_hal.c **** #endif /* PREFETCH_ENABLE */
ARM GAS  /tmp/ccELFNFN.s 			page 4


 144:Drivers/STM32F3xx_HAL_Driver/Src/stm32f3xx_hal.c **** 
 145:Drivers/STM32F3xx_HAL_Driver/Src/stm32f3xx_hal.c ****   /* Set Interrupt Group Priority */
 146:Drivers/STM32F3xx_HAL_Driver/Src/stm32f3xx_hal.c ****   HAL_NVIC_SetPriorityGrouping(NVIC_PRIORITYGROUP_4);
 147:Drivers/STM32F3xx_HAL_Driver/Src/stm32f3xx_hal.c **** 
 148:Drivers/STM32F3xx_HAL_Driver/Src/stm32f3xx_hal.c ****   /* Enable systick and configure 1ms tick (default clock after Reset is HSI) */
 149:Drivers/STM32F3xx_HAL_Driver/Src/stm32f3xx_hal.c ****   HAL_InitTick(TICK_INT_PRIORITY);
 150:Drivers/STM32F3xx_HAL_Driver/Src/stm32f3xx_hal.c **** 
 151:Drivers/STM32F3xx_HAL_Driver/Src/stm32f3xx_hal.c ****   /* Init the low level hardware */
 152:Drivers/STM32F3xx_HAL_Driver/Src/stm32f3xx_hal.c ****   HAL_MspInit();
 153:Drivers/STM32F3xx_HAL_Driver/Src/stm32f3xx_hal.c **** 
 154:Drivers/STM32F3xx_HAL_Driver/Src/stm32f3xx_hal.c ****   /* Return function status */
 155:Drivers/STM32F3xx_HAL_Driver/Src/stm32f3xx_hal.c ****   return HAL_OK;
 156:Drivers/STM32F3xx_HAL_Driver/Src/stm32f3xx_hal.c **** }
 157:Drivers/STM32F3xx_HAL_Driver/Src/stm32f3xx_hal.c **** 
 158:Drivers/STM32F3xx_HAL_Driver/Src/stm32f3xx_hal.c **** /**
 159:Drivers/STM32F3xx_HAL_Driver/Src/stm32f3xx_hal.c ****   * @brief  This function de-Initializes common part of the HAL and stops the systick.
 160:Drivers/STM32F3xx_HAL_Driver/Src/stm32f3xx_hal.c ****   * @note This function is optional.
 161:Drivers/STM32F3xx_HAL_Driver/Src/stm32f3xx_hal.c ****   * @retval HAL status
 162:Drivers/STM32F3xx_HAL_Driver/Src/stm32f3xx_hal.c ****   */
 163:Drivers/STM32F3xx_HAL_Driver/Src/stm32f3xx_hal.c **** HAL_StatusTypeDef HAL_DeInit(void)
 164:Drivers/STM32F3xx_HAL_Driver/Src/stm32f3xx_hal.c **** {
 165:Drivers/STM32F3xx_HAL_Driver/Src/stm32f3xx_hal.c ****   /* Reset of all peripherals */
 166:Drivers/STM32F3xx_HAL_Driver/Src/stm32f3xx_hal.c ****   __HAL_RCC_APB1_FORCE_RESET();
 167:Drivers/STM32F3xx_HAL_Driver/Src/stm32f3xx_hal.c ****   __HAL_RCC_APB1_RELEASE_RESET();
 168:Drivers/STM32F3xx_HAL_Driver/Src/stm32f3xx_hal.c **** 
 169:Drivers/STM32F3xx_HAL_Driver/Src/stm32f3xx_hal.c ****   __HAL_RCC_APB2_FORCE_RESET();
 170:Drivers/STM32F3xx_HAL_Driver/Src/stm32f3xx_hal.c ****   __HAL_RCC_APB2_RELEASE_RESET();
 171:Drivers/STM32F3xx_HAL_Driver/Src/stm32f3xx_hal.c **** 
 172:Drivers/STM32F3xx_HAL_Driver/Src/stm32f3xx_hal.c ****   __HAL_RCC_AHB_FORCE_RESET();
 173:Drivers/STM32F3xx_HAL_Driver/Src/stm32f3xx_hal.c ****   __HAL_RCC_AHB_RELEASE_RESET();
 174:Drivers/STM32F3xx_HAL_Driver/Src/stm32f3xx_hal.c **** 
 175:Drivers/STM32F3xx_HAL_Driver/Src/stm32f3xx_hal.c ****   /* De-Init the low level hardware */
 176:Drivers/STM32F3xx_HAL_Driver/Src/stm32f3xx_hal.c ****   HAL_MspDeInit();
 177:Drivers/STM32F3xx_HAL_Driver/Src/stm32f3xx_hal.c **** 
 178:Drivers/STM32F3xx_HAL_Driver/Src/stm32f3xx_hal.c ****   /* Return function status */
 179:Drivers/STM32F3xx_HAL_Driver/Src/stm32f3xx_hal.c ****   return HAL_OK;
 180:Drivers/STM32F3xx_HAL_Driver/Src/stm32f3xx_hal.c **** }
 181:Drivers/STM32F3xx_HAL_Driver/Src/stm32f3xx_hal.c **** 
 182:Drivers/STM32F3xx_HAL_Driver/Src/stm32f3xx_hal.c **** /**
 183:Drivers/STM32F3xx_HAL_Driver/Src/stm32f3xx_hal.c ****   * @brief  Initialize the MSP.
 184:Drivers/STM32F3xx_HAL_Driver/Src/stm32f3xx_hal.c ****   * @retval None
 185:Drivers/STM32F3xx_HAL_Driver/Src/stm32f3xx_hal.c ****   */
 186:Drivers/STM32F3xx_HAL_Driver/Src/stm32f3xx_hal.c **** __weak void HAL_MspInit(void)
 187:Drivers/STM32F3xx_HAL_Driver/Src/stm32f3xx_hal.c **** {
  30              		.loc 1 187 1 view -0
  31              		.cfi_startproc
  32              		@ args = 0, pretend = 0, frame = 0
  33              		@ frame_needed = 0, uses_anonymous_args = 0
  34              		@ link register save eliminated.
 188:Drivers/STM32F3xx_HAL_Driver/Src/stm32f3xx_hal.c ****   /* NOTE : This function should not be modified, when the callback is needed,
 189:Drivers/STM32F3xx_HAL_Driver/Src/stm32f3xx_hal.c ****             the HAL_MspInit could be implemented in the user file
 190:Drivers/STM32F3xx_HAL_Driver/Src/stm32f3xx_hal.c ****    */
 191:Drivers/STM32F3xx_HAL_Driver/Src/stm32f3xx_hal.c **** }
  35              		.loc 1 191 1 view .LVU1
  36 0000 7047     		bx	lr
  37              		.cfi_endproc
  38              	.LFE132:
ARM GAS  /tmp/ccELFNFN.s 			page 5


  40 0002 00BF     		.section	.text.HAL_MspDeInit,"ax",%progbits
  41              		.align	1
  42              		.p2align 2,,3
  43              		.weak	HAL_MspDeInit
  44              		.syntax unified
  45              		.thumb
  46              		.thumb_func
  47              		.fpu fpv4-sp-d16
  49              	HAL_MspDeInit:
  50              	.LFB157:
  51              		.cfi_startproc
  52              		@ args = 0, pretend = 0, frame = 0
  53              		@ frame_needed = 0, uses_anonymous_args = 0
  54              		@ link register save eliminated.
  55 0000 7047     		bx	lr
  56              		.cfi_endproc
  57              	.LFE157:
  59 0002 00BF     		.section	.text.HAL_DeInit,"ax",%progbits
  60              		.align	1
  61              		.p2align 2,,3
  62              		.global	HAL_DeInit
  63              		.syntax unified
  64              		.thumb
  65              		.thumb_func
  66              		.fpu fpv4-sp-d16
  68              	HAL_DeInit:
  69              	.LFB131:
 164:Drivers/STM32F3xx_HAL_Driver/Src/stm32f3xx_hal.c ****   /* Reset of all peripherals */
  70              		.loc 1 164 1 view -0
  71              		.cfi_startproc
  72              		@ args = 0, pretend = 0, frame = 0
  73              		@ frame_needed = 0, uses_anonymous_args = 0
 166:Drivers/STM32F3xx_HAL_Driver/Src/stm32f3xx_hal.c ****   __HAL_RCC_APB1_RELEASE_RESET();
  74              		.loc 1 166 3 view .LVU3
 164:Drivers/STM32F3xx_HAL_Driver/Src/stm32f3xx_hal.c ****   /* Reset of all peripherals */
  75              		.loc 1 164 1 is_stmt 0 view .LVU4
  76 0000 10B5     		push	{r4, lr}
  77              	.LCFI0:
  78              		.cfi_def_cfa_offset 8
  79              		.cfi_offset 4, -8
  80              		.cfi_offset 14, -4
 166:Drivers/STM32F3xx_HAL_Driver/Src/stm32f3xx_hal.c ****   __HAL_RCC_APB1_RELEASE_RESET();
  81              		.loc 1 166 3 view .LVU5
  82 0002 074B     		ldr	r3, .L6
  83 0004 4FF0FF32 		mov	r2, #-1
 167:Drivers/STM32F3xx_HAL_Driver/Src/stm32f3xx_hal.c **** 
  84              		.loc 1 167 3 view .LVU6
  85 0008 0024     		movs	r4, #0
 166:Drivers/STM32F3xx_HAL_Driver/Src/stm32f3xx_hal.c ****   __HAL_RCC_APB1_RELEASE_RESET();
  86              		.loc 1 166 3 view .LVU7
  87 000a 1A61     		str	r2, [r3, #16]
 167:Drivers/STM32F3xx_HAL_Driver/Src/stm32f3xx_hal.c **** 
  88              		.loc 1 167 3 is_stmt 1 view .LVU8
  89 000c 1C61     		str	r4, [r3, #16]
 169:Drivers/STM32F3xx_HAL_Driver/Src/stm32f3xx_hal.c ****   __HAL_RCC_APB2_RELEASE_RESET();
  90              		.loc 1 169 3 view .LVU9
  91 000e DA60     		str	r2, [r3, #12]
ARM GAS  /tmp/ccELFNFN.s 			page 6


 170:Drivers/STM32F3xx_HAL_Driver/Src/stm32f3xx_hal.c **** 
  92              		.loc 1 170 3 view .LVU10
  93 0010 DC60     		str	r4, [r3, #12]
 172:Drivers/STM32F3xx_HAL_Driver/Src/stm32f3xx_hal.c ****   __HAL_RCC_AHB_RELEASE_RESET();
  94              		.loc 1 172 3 view .LVU11
  95 0012 9A62     		str	r2, [r3, #40]
 173:Drivers/STM32F3xx_HAL_Driver/Src/stm32f3xx_hal.c **** 
  96              		.loc 1 173 3 view .LVU12
  97 0014 9C62     		str	r4, [r3, #40]
 176:Drivers/STM32F3xx_HAL_Driver/Src/stm32f3xx_hal.c **** 
  98              		.loc 1 176 3 view .LVU13
  99 0016 FFF7FEFF 		bl	HAL_MspDeInit
 100              	.LVL0:
 179:Drivers/STM32F3xx_HAL_Driver/Src/stm32f3xx_hal.c **** }
 101              		.loc 1 179 3 view .LVU14
 180:Drivers/STM32F3xx_HAL_Driver/Src/stm32f3xx_hal.c **** 
 102              		.loc 1 180 1 is_stmt 0 view .LVU15
 103 001a 2046     		mov	r0, r4
 104 001c 10BD     		pop	{r4, pc}
 105              	.L7:
 106 001e 00BF     		.align	2
 107              	.L6:
 108 0020 00100240 		.word	1073876992
 109              		.cfi_endproc
 110              	.LFE131:
 112              		.section	.text.HAL_InitTick,"ax",%progbits
 113              		.align	1
 114              		.p2align 2,,3
 115              		.weak	HAL_InitTick
 116              		.syntax unified
 117              		.thumb
 118              		.thumb_func
 119              		.fpu fpv4-sp-d16
 121              	HAL_InitTick:
 122              	.LVL1:
 123              	.LFB134:
 192:Drivers/STM32F3xx_HAL_Driver/Src/stm32f3xx_hal.c **** 
 193:Drivers/STM32F3xx_HAL_Driver/Src/stm32f3xx_hal.c **** /**
 194:Drivers/STM32F3xx_HAL_Driver/Src/stm32f3xx_hal.c ****   * @brief  DeInitialize the MSP.
 195:Drivers/STM32F3xx_HAL_Driver/Src/stm32f3xx_hal.c ****   * @retval None
 196:Drivers/STM32F3xx_HAL_Driver/Src/stm32f3xx_hal.c ****   */
 197:Drivers/STM32F3xx_HAL_Driver/Src/stm32f3xx_hal.c **** __weak void HAL_MspDeInit(void)
 198:Drivers/STM32F3xx_HAL_Driver/Src/stm32f3xx_hal.c **** {
 199:Drivers/STM32F3xx_HAL_Driver/Src/stm32f3xx_hal.c ****   /* NOTE : This function should not be modified, when the callback is needed,
 200:Drivers/STM32F3xx_HAL_Driver/Src/stm32f3xx_hal.c ****             the HAL_MspDeInit could be implemented in the user file
 201:Drivers/STM32F3xx_HAL_Driver/Src/stm32f3xx_hal.c ****    */
 202:Drivers/STM32F3xx_HAL_Driver/Src/stm32f3xx_hal.c **** }
 203:Drivers/STM32F3xx_HAL_Driver/Src/stm32f3xx_hal.c **** 
 204:Drivers/STM32F3xx_HAL_Driver/Src/stm32f3xx_hal.c **** /**
 205:Drivers/STM32F3xx_HAL_Driver/Src/stm32f3xx_hal.c ****   * @brief  This function configures the source of the time base. 
 206:Drivers/STM32F3xx_HAL_Driver/Src/stm32f3xx_hal.c ****   *         The time source is configured  to have 1ms time base with a dedicated 
 207:Drivers/STM32F3xx_HAL_Driver/Src/stm32f3xx_hal.c ****   *         Tick interrupt priority. 
 208:Drivers/STM32F3xx_HAL_Driver/Src/stm32f3xx_hal.c ****   * @note   This function is called  automatically at the beginning of program after
 209:Drivers/STM32F3xx_HAL_Driver/Src/stm32f3xx_hal.c ****   *         reset by HAL_Init() or at any time when clock is reconfigured  by HAL_RCC_ClockConfig()
 210:Drivers/STM32F3xx_HAL_Driver/Src/stm32f3xx_hal.c ****   * @note   In the default implementation , SysTick timer is the source of time base. 
 211:Drivers/STM32F3xx_HAL_Driver/Src/stm32f3xx_hal.c ****   *         It is used to generate interrupts at regular time intervals. 
 212:Drivers/STM32F3xx_HAL_Driver/Src/stm32f3xx_hal.c ****   *         Care must be taken if HAL_Delay() is called from a peripheral ISR process, 
ARM GAS  /tmp/ccELFNFN.s 			page 7


 213:Drivers/STM32F3xx_HAL_Driver/Src/stm32f3xx_hal.c ****   *         The SysTick interrupt must have higher priority (numerically lower) 
 214:Drivers/STM32F3xx_HAL_Driver/Src/stm32f3xx_hal.c ****   *         than the peripheral interrupt. Otherwise the caller ISR process will be blocked.
 215:Drivers/STM32F3xx_HAL_Driver/Src/stm32f3xx_hal.c ****   *         The function is declared as __Weak  to be overwritten  in case of other
 216:Drivers/STM32F3xx_HAL_Driver/Src/stm32f3xx_hal.c ****   *         implementation  in user file.
 217:Drivers/STM32F3xx_HAL_Driver/Src/stm32f3xx_hal.c ****   * @param TickPriority Tick interrupt priority.
 218:Drivers/STM32F3xx_HAL_Driver/Src/stm32f3xx_hal.c ****   * @retval HAL status
 219:Drivers/STM32F3xx_HAL_Driver/Src/stm32f3xx_hal.c ****   */
 220:Drivers/STM32F3xx_HAL_Driver/Src/stm32f3xx_hal.c **** __weak HAL_StatusTypeDef HAL_InitTick(uint32_t TickPriority)
 221:Drivers/STM32F3xx_HAL_Driver/Src/stm32f3xx_hal.c **** {
 124              		.loc 1 221 1 is_stmt 1 view -0
 125              		.cfi_startproc
 126              		@ args = 0, pretend = 0, frame = 0
 127              		@ frame_needed = 0, uses_anonymous_args = 0
 222:Drivers/STM32F3xx_HAL_Driver/Src/stm32f3xx_hal.c ****   /* Configure the SysTick to have interrupt in 1ms time basis*/
 223:Drivers/STM32F3xx_HAL_Driver/Src/stm32f3xx_hal.c ****   if (HAL_SYSTICK_Config(SystemCoreClock / (1000U / uwTickFreq)) > 0U)
 128              		.loc 1 223 3 view .LVU17
 221:Drivers/STM32F3xx_HAL_Driver/Src/stm32f3xx_hal.c ****   /* Configure the SysTick to have interrupt in 1ms time basis*/
 129              		.loc 1 221 1 is_stmt 0 view .LVU18
 130 0000 38B5     		push	{r3, r4, r5, lr}
 131              	.LCFI1:
 132              		.cfi_def_cfa_offset 16
 133              		.cfi_offset 3, -16
 134              		.cfi_offset 4, -12
 135              		.cfi_offset 5, -8
 136              		.cfi_offset 14, -4
 137              		.loc 1 223 51 view .LVU19
 138 0002 0E4A     		ldr	r2, .L14
 139              		.loc 1 223 7 view .LVU20
 140 0004 0E4B     		ldr	r3, .L14+4
 141              		.loc 1 223 51 view .LVU21
 142 0006 1278     		ldrb	r2, [r2]	@ zero_extendqisi2
 143              		.loc 1 223 7 view .LVU22
 144 0008 1B68     		ldr	r3, [r3]
 221:Drivers/STM32F3xx_HAL_Driver/Src/stm32f3xx_hal.c ****   /* Configure the SysTick to have interrupt in 1ms time basis*/
 145              		.loc 1 221 1 view .LVU23
 146 000a 0546     		mov	r5, r0
 147              		.loc 1 223 51 view .LVU24
 148 000c 4FF47A70 		mov	r0, #1000
 149              	.LVL2:
 150              		.loc 1 223 51 view .LVU25
 151 0010 B0FBF2F0 		udiv	r0, r0, r2
 152              		.loc 1 223 7 view .LVU26
 153 0014 B3FBF0F0 		udiv	r0, r3, r0
 154 0018 FFF7FEFF 		bl	HAL_SYSTICK_Config
 155              	.LVL3:
 156              		.loc 1 223 6 view .LVU27
 157 001c 08B9     		cbnz	r0, .L11
 224:Drivers/STM32F3xx_HAL_Driver/Src/stm32f3xx_hal.c ****   {
 225:Drivers/STM32F3xx_HAL_Driver/Src/stm32f3xx_hal.c ****     return HAL_ERROR;
 226:Drivers/STM32F3xx_HAL_Driver/Src/stm32f3xx_hal.c ****   }
 227:Drivers/STM32F3xx_HAL_Driver/Src/stm32f3xx_hal.c **** 
 228:Drivers/STM32F3xx_HAL_Driver/Src/stm32f3xx_hal.c ****   /* Configure the SysTick IRQ priority */
 229:Drivers/STM32F3xx_HAL_Driver/Src/stm32f3xx_hal.c ****   if (TickPriority < (1UL << __NVIC_PRIO_BITS))
 158              		.loc 1 229 3 is_stmt 1 view .LVU28
 159              		.loc 1 229 6 is_stmt 0 view .LVU29
 160 001e 0F2D     		cmp	r5, #15
 161 0020 01D9     		bls	.L13
ARM GAS  /tmp/ccELFNFN.s 			page 8


 162              	.L11:
 225:Drivers/STM32F3xx_HAL_Driver/Src/stm32f3xx_hal.c ****   }
 163              		.loc 1 225 12 view .LVU30
 164 0022 0120     		movs	r0, #1
 230:Drivers/STM32F3xx_HAL_Driver/Src/stm32f3xx_hal.c ****   {
 231:Drivers/STM32F3xx_HAL_Driver/Src/stm32f3xx_hal.c ****     HAL_NVIC_SetPriority(SysTick_IRQn, TickPriority, 0U);
 232:Drivers/STM32F3xx_HAL_Driver/Src/stm32f3xx_hal.c ****     uwTickPrio = TickPriority;
 233:Drivers/STM32F3xx_HAL_Driver/Src/stm32f3xx_hal.c ****   }
 234:Drivers/STM32F3xx_HAL_Driver/Src/stm32f3xx_hal.c ****   else
 235:Drivers/STM32F3xx_HAL_Driver/Src/stm32f3xx_hal.c ****   {
 236:Drivers/STM32F3xx_HAL_Driver/Src/stm32f3xx_hal.c ****     return HAL_ERROR;
 237:Drivers/STM32F3xx_HAL_Driver/Src/stm32f3xx_hal.c ****   }
 238:Drivers/STM32F3xx_HAL_Driver/Src/stm32f3xx_hal.c ****    /* Return function status */
 239:Drivers/STM32F3xx_HAL_Driver/Src/stm32f3xx_hal.c ****   return HAL_OK;
 240:Drivers/STM32F3xx_HAL_Driver/Src/stm32f3xx_hal.c **** }
 165              		.loc 1 240 1 view .LVU31
 166 0024 38BD     		pop	{r3, r4, r5, pc}
 167              	.LVL4:
 168              	.L13:
 169              		.loc 1 240 1 view .LVU32
 170 0026 0446     		mov	r4, r0
 171              	.LVL5:
 172              	.LBB4:
 173              	.LBI4:
 220:Drivers/STM32F3xx_HAL_Driver/Src/stm32f3xx_hal.c **** {
 174              		.loc 1 220 26 is_stmt 1 view .LVU33
 175              	.LBB5:
 231:Drivers/STM32F3xx_HAL_Driver/Src/stm32f3xx_hal.c ****     uwTickPrio = TickPriority;
 176              		.loc 1 231 5 view .LVU34
 177 0028 0246     		mov	r2, r0
 178 002a 2946     		mov	r1, r5
 179 002c 4FF0FF30 		mov	r0, #-1
 180 0030 FFF7FEFF 		bl	HAL_NVIC_SetPriority
 181              	.LVL6:
 232:Drivers/STM32F3xx_HAL_Driver/Src/stm32f3xx_hal.c ****   }
 182              		.loc 1 232 5 view .LVU35
 232:Drivers/STM32F3xx_HAL_Driver/Src/stm32f3xx_hal.c ****   }
 183              		.loc 1 232 16 is_stmt 0 view .LVU36
 184 0034 034B     		ldr	r3, .L14+8
 185 0036 2046     		mov	r0, r4
 186 0038 1D60     		str	r5, [r3]
 239:Drivers/STM32F3xx_HAL_Driver/Src/stm32f3xx_hal.c **** }
 187              		.loc 1 239 3 is_stmt 1 view .LVU37
 188              	.LVL7:
 239:Drivers/STM32F3xx_HAL_Driver/Src/stm32f3xx_hal.c **** }
 189              		.loc 1 239 3 is_stmt 0 view .LVU38
 190              	.LBE5:
 191              	.LBE4:
 192              		.loc 1 240 1 view .LVU39
 193 003a 38BD     		pop	{r3, r4, r5, pc}
 194              	.LVL8:
 195              	.L15:
 196              		.loc 1 240 1 view .LVU40
 197              		.align	2
 198              	.L14:
 199 003c 00000000 		.word	.LANCHOR0
 200 0040 00000000 		.word	SystemCoreClock
ARM GAS  /tmp/ccELFNFN.s 			page 9


 201 0044 00000000 		.word	.LANCHOR1
 202              		.cfi_endproc
 203              	.LFE134:
 205              		.section	.text.HAL_Init,"ax",%progbits
 206              		.align	1
 207              		.p2align 2,,3
 208              		.global	HAL_Init
 209              		.syntax unified
 210              		.thumb
 211              		.thumb_func
 212              		.fpu fpv4-sp-d16
 214              	HAL_Init:
 215              	.LFB130:
 139:Drivers/STM32F3xx_HAL_Driver/Src/stm32f3xx_hal.c ****   /* Configure Flash prefetch */
 216              		.loc 1 139 1 is_stmt 1 view -0
 217              		.cfi_startproc
 218              		@ args = 0, pretend = 0, frame = 0
 219              		@ frame_needed = 0, uses_anonymous_args = 0
 142:Drivers/STM32F3xx_HAL_Driver/Src/stm32f3xx_hal.c **** #endif /* PREFETCH_ENABLE */
 220              		.loc 1 142 3 view .LVU42
 221 0000 074A     		ldr	r2, .L18
 139:Drivers/STM32F3xx_HAL_Driver/Src/stm32f3xx_hal.c ****   /* Configure Flash prefetch */
 222              		.loc 1 139 1 is_stmt 0 view .LVU43
 223 0002 08B5     		push	{r3, lr}
 224              	.LCFI2:
 225              		.cfi_def_cfa_offset 8
 226              		.cfi_offset 3, -8
 227              		.cfi_offset 14, -4
 142:Drivers/STM32F3xx_HAL_Driver/Src/stm32f3xx_hal.c **** #endif /* PREFETCH_ENABLE */
 228              		.loc 1 142 3 view .LVU44
 229 0004 1368     		ldr	r3, [r2]
 230 0006 43F01003 		orr	r3, r3, #16
 231 000a 1360     		str	r3, [r2]
 146:Drivers/STM32F3xx_HAL_Driver/Src/stm32f3xx_hal.c **** 
 232              		.loc 1 146 3 is_stmt 1 view .LVU45
 233 000c 0320     		movs	r0, #3
 234 000e FFF7FEFF 		bl	HAL_NVIC_SetPriorityGrouping
 235              	.LVL9:
 149:Drivers/STM32F3xx_HAL_Driver/Src/stm32f3xx_hal.c **** 
 236              		.loc 1 149 3 view .LVU46
 237 0012 0020     		movs	r0, #0
 238 0014 FFF7FEFF 		bl	HAL_InitTick
 239              	.LVL10:
 152:Drivers/STM32F3xx_HAL_Driver/Src/stm32f3xx_hal.c **** 
 240              		.loc 1 152 3 view .LVU47
 241 0018 FFF7FEFF 		bl	HAL_MspInit
 242              	.LVL11:
 155:Drivers/STM32F3xx_HAL_Driver/Src/stm32f3xx_hal.c **** }
 243              		.loc 1 155 3 view .LVU48
 156:Drivers/STM32F3xx_HAL_Driver/Src/stm32f3xx_hal.c **** 
 244              		.loc 1 156 1 is_stmt 0 view .LVU49
 245 001c 0020     		movs	r0, #0
 246 001e 08BD     		pop	{r3, pc}
 247              	.L19:
 248              		.align	2
 249              	.L18:
 250 0020 00200240 		.word	1073881088
ARM GAS  /tmp/ccELFNFN.s 			page 10


 251              		.cfi_endproc
 252              	.LFE130:
 254              		.section	.text.HAL_IncTick,"ax",%progbits
 255              		.align	1
 256              		.p2align 2,,3
 257              		.weak	HAL_IncTick
 258              		.syntax unified
 259              		.thumb
 260              		.thumb_func
 261              		.fpu fpv4-sp-d16
 263              	HAL_IncTick:
 264              	.LFB135:
 241:Drivers/STM32F3xx_HAL_Driver/Src/stm32f3xx_hal.c **** 
 242:Drivers/STM32F3xx_HAL_Driver/Src/stm32f3xx_hal.c **** /**
 243:Drivers/STM32F3xx_HAL_Driver/Src/stm32f3xx_hal.c ****   * @}
 244:Drivers/STM32F3xx_HAL_Driver/Src/stm32f3xx_hal.c ****   */
 245:Drivers/STM32F3xx_HAL_Driver/Src/stm32f3xx_hal.c **** 
 246:Drivers/STM32F3xx_HAL_Driver/Src/stm32f3xx_hal.c **** /** @defgroup HAL_Exported_Functions_Group2 HAL Control functions 
 247:Drivers/STM32F3xx_HAL_Driver/Src/stm32f3xx_hal.c ****  *  @brief    HAL Control functions
 248:Drivers/STM32F3xx_HAL_Driver/Src/stm32f3xx_hal.c ****  *
 249:Drivers/STM32F3xx_HAL_Driver/Src/stm32f3xx_hal.c **** @verbatim
 250:Drivers/STM32F3xx_HAL_Driver/Src/stm32f3xx_hal.c ****  ===============================================================================
 251:Drivers/STM32F3xx_HAL_Driver/Src/stm32f3xx_hal.c ****                       ##### HAL Control functions #####
 252:Drivers/STM32F3xx_HAL_Driver/Src/stm32f3xx_hal.c ****  ===============================================================================
 253:Drivers/STM32F3xx_HAL_Driver/Src/stm32f3xx_hal.c ****     [..]  This section provides functions allowing to:
 254:Drivers/STM32F3xx_HAL_Driver/Src/stm32f3xx_hal.c ****       (+) Provide a tick value in millisecond
 255:Drivers/STM32F3xx_HAL_Driver/Src/stm32f3xx_hal.c ****       (+) Provide a blocking delay in millisecond
 256:Drivers/STM32F3xx_HAL_Driver/Src/stm32f3xx_hal.c ****       (+) Suspend the time base source interrupt
 257:Drivers/STM32F3xx_HAL_Driver/Src/stm32f3xx_hal.c ****       (+) Resume the time base source interrupt
 258:Drivers/STM32F3xx_HAL_Driver/Src/stm32f3xx_hal.c ****       (+) Get the HAL API driver version
 259:Drivers/STM32F3xx_HAL_Driver/Src/stm32f3xx_hal.c ****       (+) Get the device identifier
 260:Drivers/STM32F3xx_HAL_Driver/Src/stm32f3xx_hal.c ****       (+) Get the device revision identifier
 261:Drivers/STM32F3xx_HAL_Driver/Src/stm32f3xx_hal.c ****       (+) Enable/Disable Debug module during Sleep mode
 262:Drivers/STM32F3xx_HAL_Driver/Src/stm32f3xx_hal.c ****       (+) Enable/Disable Debug module during STOP mode
 263:Drivers/STM32F3xx_HAL_Driver/Src/stm32f3xx_hal.c ****       (+) Enable/Disable Debug module during STANDBY mode
 264:Drivers/STM32F3xx_HAL_Driver/Src/stm32f3xx_hal.c ****       
 265:Drivers/STM32F3xx_HAL_Driver/Src/stm32f3xx_hal.c **** @endverbatim
 266:Drivers/STM32F3xx_HAL_Driver/Src/stm32f3xx_hal.c ****   * @{
 267:Drivers/STM32F3xx_HAL_Driver/Src/stm32f3xx_hal.c ****   */
 268:Drivers/STM32F3xx_HAL_Driver/Src/stm32f3xx_hal.c **** 
 269:Drivers/STM32F3xx_HAL_Driver/Src/stm32f3xx_hal.c **** /**
 270:Drivers/STM32F3xx_HAL_Driver/Src/stm32f3xx_hal.c ****   * @brief  This function is called to increment  a global variable "uwTick"
 271:Drivers/STM32F3xx_HAL_Driver/Src/stm32f3xx_hal.c ****   *         used as application time base.
 272:Drivers/STM32F3xx_HAL_Driver/Src/stm32f3xx_hal.c ****   * @note In the default implementation, this variable is incremented each 1ms
 273:Drivers/STM32F3xx_HAL_Driver/Src/stm32f3xx_hal.c ****   *         in SysTick ISR.
 274:Drivers/STM32F3xx_HAL_Driver/Src/stm32f3xx_hal.c ****   * @note This function is declared as __weak to be overwritten in case of other 
 275:Drivers/STM32F3xx_HAL_Driver/Src/stm32f3xx_hal.c ****   *         implementations  in user file.
 276:Drivers/STM32F3xx_HAL_Driver/Src/stm32f3xx_hal.c ****   * @retval None
 277:Drivers/STM32F3xx_HAL_Driver/Src/stm32f3xx_hal.c ****   */
 278:Drivers/STM32F3xx_HAL_Driver/Src/stm32f3xx_hal.c **** __weak void HAL_IncTick(void)
 279:Drivers/STM32F3xx_HAL_Driver/Src/stm32f3xx_hal.c **** {
 265              		.loc 1 279 1 is_stmt 1 view -0
 266              		.cfi_startproc
 267              		@ args = 0, pretend = 0, frame = 0
 268              		@ frame_needed = 0, uses_anonymous_args = 0
 269              		@ link register save eliminated.
 280:Drivers/STM32F3xx_HAL_Driver/Src/stm32f3xx_hal.c ****   uwTick += uwTickFreq;
ARM GAS  /tmp/ccELFNFN.s 			page 11


 270              		.loc 1 280 3 view .LVU51
 271              		.loc 1 280 10 is_stmt 0 view .LVU52
 272 0000 034A     		ldr	r2, .L21
 273 0002 044B     		ldr	r3, .L21+4
 274 0004 1168     		ldr	r1, [r2]
 275 0006 1B78     		ldrb	r3, [r3]	@ zero_extendqisi2
 276 0008 0B44     		add	r3, r3, r1
 277 000a 1360     		str	r3, [r2]
 281:Drivers/STM32F3xx_HAL_Driver/Src/stm32f3xx_hal.c **** }
 278              		.loc 1 281 1 view .LVU53
 279 000c 7047     		bx	lr
 280              	.L22:
 281 000e 00BF     		.align	2
 282              	.L21:
 283 0010 00000000 		.word	uwTick
 284 0014 00000000 		.word	.LANCHOR0
 285              		.cfi_endproc
 286              	.LFE135:
 288              		.section	.text.HAL_GetTick,"ax",%progbits
 289              		.align	1
 290              		.p2align 2,,3
 291              		.weak	HAL_GetTick
 292              		.syntax unified
 293              		.thumb
 294              		.thumb_func
 295              		.fpu fpv4-sp-d16
 297              	HAL_GetTick:
 298              	.LFB136:
 282:Drivers/STM32F3xx_HAL_Driver/Src/stm32f3xx_hal.c **** 
 283:Drivers/STM32F3xx_HAL_Driver/Src/stm32f3xx_hal.c **** /**
 284:Drivers/STM32F3xx_HAL_Driver/Src/stm32f3xx_hal.c ****   * @brief  Povides a tick value in millisecond.
 285:Drivers/STM32F3xx_HAL_Driver/Src/stm32f3xx_hal.c ****   * @note   The function is declared as __Weak  to be overwritten  in case of other 
 286:Drivers/STM32F3xx_HAL_Driver/Src/stm32f3xx_hal.c ****   *         implementations  in user file.
 287:Drivers/STM32F3xx_HAL_Driver/Src/stm32f3xx_hal.c ****   * @retval tick value
 288:Drivers/STM32F3xx_HAL_Driver/Src/stm32f3xx_hal.c ****   */
 289:Drivers/STM32F3xx_HAL_Driver/Src/stm32f3xx_hal.c **** __weak uint32_t HAL_GetTick(void)
 290:Drivers/STM32F3xx_HAL_Driver/Src/stm32f3xx_hal.c **** {
 299              		.loc 1 290 1 is_stmt 1 view -0
 300              		.cfi_startproc
 301              		@ args = 0, pretend = 0, frame = 0
 302              		@ frame_needed = 0, uses_anonymous_args = 0
 303              		@ link register save eliminated.
 291:Drivers/STM32F3xx_HAL_Driver/Src/stm32f3xx_hal.c ****   return uwTick;  
 304              		.loc 1 291 3 view .LVU55
 305              		.loc 1 291 10 is_stmt 0 view .LVU56
 306 0000 014B     		ldr	r3, .L24
 307 0002 1868     		ldr	r0, [r3]
 292:Drivers/STM32F3xx_HAL_Driver/Src/stm32f3xx_hal.c **** }
 308              		.loc 1 292 1 view .LVU57
 309 0004 7047     		bx	lr
 310              	.L25:
 311 0006 00BF     		.align	2
 312              	.L24:
 313 0008 00000000 		.word	uwTick
 314              		.cfi_endproc
 315              	.LFE136:
 317              		.section	.text.HAL_GetTickPrio,"ax",%progbits
ARM GAS  /tmp/ccELFNFN.s 			page 12


 318              		.align	1
 319              		.p2align 2,,3
 320              		.global	HAL_GetTickPrio
 321              		.syntax unified
 322              		.thumb
 323              		.thumb_func
 324              		.fpu fpv4-sp-d16
 326              	HAL_GetTickPrio:
 327              	.LFB137:
 293:Drivers/STM32F3xx_HAL_Driver/Src/stm32f3xx_hal.c **** 
 294:Drivers/STM32F3xx_HAL_Driver/Src/stm32f3xx_hal.c **** /**
 295:Drivers/STM32F3xx_HAL_Driver/Src/stm32f3xx_hal.c ****   * @brief This function returns a tick priority.
 296:Drivers/STM32F3xx_HAL_Driver/Src/stm32f3xx_hal.c ****   * @retval tick priority
 297:Drivers/STM32F3xx_HAL_Driver/Src/stm32f3xx_hal.c ****   */
 298:Drivers/STM32F3xx_HAL_Driver/Src/stm32f3xx_hal.c **** uint32_t HAL_GetTickPrio(void)
 299:Drivers/STM32F3xx_HAL_Driver/Src/stm32f3xx_hal.c **** {
 328              		.loc 1 299 1 is_stmt 1 view -0
 329              		.cfi_startproc
 330              		@ args = 0, pretend = 0, frame = 0
 331              		@ frame_needed = 0, uses_anonymous_args = 0
 332              		@ link register save eliminated.
 300:Drivers/STM32F3xx_HAL_Driver/Src/stm32f3xx_hal.c ****   return uwTickPrio;
 333              		.loc 1 300 3 view .LVU59
 334              		.loc 1 300 10 is_stmt 0 view .LVU60
 335 0000 014B     		ldr	r3, .L27
 301:Drivers/STM32F3xx_HAL_Driver/Src/stm32f3xx_hal.c **** }
 336              		.loc 1 301 1 view .LVU61
 337 0002 1868     		ldr	r0, [r3]
 338 0004 7047     		bx	lr
 339              	.L28:
 340 0006 00BF     		.align	2
 341              	.L27:
 342 0008 00000000 		.word	.LANCHOR1
 343              		.cfi_endproc
 344              	.LFE137:
 346              		.section	.text.HAL_SetTickFreq,"ax",%progbits
 347              		.align	1
 348              		.p2align 2,,3
 349              		.global	HAL_SetTickFreq
 350              		.syntax unified
 351              		.thumb
 352              		.thumb_func
 353              		.fpu fpv4-sp-d16
 355              	HAL_SetTickFreq:
 356              	.LVL12:
 357              	.LFB138:
 302:Drivers/STM32F3xx_HAL_Driver/Src/stm32f3xx_hal.c **** 
 303:Drivers/STM32F3xx_HAL_Driver/Src/stm32f3xx_hal.c **** /**
 304:Drivers/STM32F3xx_HAL_Driver/Src/stm32f3xx_hal.c ****   * @brief Set new tick Freq.
 305:Drivers/STM32F3xx_HAL_Driver/Src/stm32f3xx_hal.c ****   * @retval status
 306:Drivers/STM32F3xx_HAL_Driver/Src/stm32f3xx_hal.c ****   */
 307:Drivers/STM32F3xx_HAL_Driver/Src/stm32f3xx_hal.c **** HAL_StatusTypeDef HAL_SetTickFreq(HAL_TickFreqTypeDef Freq)
 308:Drivers/STM32F3xx_HAL_Driver/Src/stm32f3xx_hal.c **** {
 358              		.loc 1 308 1 is_stmt 1 view -0
 359              		.cfi_startproc
 360              		@ args = 0, pretend = 0, frame = 0
 361              		@ frame_needed = 0, uses_anonymous_args = 0
ARM GAS  /tmp/ccELFNFN.s 			page 13


 309:Drivers/STM32F3xx_HAL_Driver/Src/stm32f3xx_hal.c ****   HAL_StatusTypeDef status  = HAL_OK;
 362              		.loc 1 309 3 view .LVU63
 310:Drivers/STM32F3xx_HAL_Driver/Src/stm32f3xx_hal.c ****   HAL_TickFreqTypeDef prevTickFreq;
 363              		.loc 1 310 3 view .LVU64
 311:Drivers/STM32F3xx_HAL_Driver/Src/stm32f3xx_hal.c **** 
 312:Drivers/STM32F3xx_HAL_Driver/Src/stm32f3xx_hal.c ****   assert_param(IS_TICKFREQ(Freq));
 364              		.loc 1 312 3 view .LVU65
 313:Drivers/STM32F3xx_HAL_Driver/Src/stm32f3xx_hal.c **** 
 314:Drivers/STM32F3xx_HAL_Driver/Src/stm32f3xx_hal.c ****   if (uwTickFreq != Freq)
 365              		.loc 1 314 3 view .LVU66
 308:Drivers/STM32F3xx_HAL_Driver/Src/stm32f3xx_hal.c ****   HAL_StatusTypeDef status  = HAL_OK;
 366              		.loc 1 308 1 is_stmt 0 view .LVU67
 367 0000 38B5     		push	{r3, r4, r5, lr}
 368              	.LCFI3:
 369              		.cfi_def_cfa_offset 16
 370              		.cfi_offset 3, -16
 371              		.cfi_offset 4, -12
 372              		.cfi_offset 5, -8
 373              		.cfi_offset 14, -4
 374              		.loc 1 314 18 view .LVU68
 375 0002 074C     		ldr	r4, .L37
 376 0004 2578     		ldrb	r5, [r4]	@ zero_extendqisi2
 377              		.loc 1 314 6 view .LVU69
 378 0006 8542     		cmp	r5, r0
 379 0008 01D1     		bne	.L36
 309:Drivers/STM32F3xx_HAL_Driver/Src/stm32f3xx_hal.c ****   HAL_TickFreqTypeDef prevTickFreq;
 380              		.loc 1 309 21 view .LVU70
 381 000a 0020     		movs	r0, #0
 382              	.LVL13:
 383              	.L30:
 315:Drivers/STM32F3xx_HAL_Driver/Src/stm32f3xx_hal.c ****   {
 316:Drivers/STM32F3xx_HAL_Driver/Src/stm32f3xx_hal.c ****     /* Back up uwTickFreq frequency */
 317:Drivers/STM32F3xx_HAL_Driver/Src/stm32f3xx_hal.c ****     prevTickFreq = uwTickFreq;
 318:Drivers/STM32F3xx_HAL_Driver/Src/stm32f3xx_hal.c **** 
 319:Drivers/STM32F3xx_HAL_Driver/Src/stm32f3xx_hal.c ****     /* Update uwTickFreq global variable used by HAL_InitTick() */
 320:Drivers/STM32F3xx_HAL_Driver/Src/stm32f3xx_hal.c ****     uwTickFreq = Freq;
 321:Drivers/STM32F3xx_HAL_Driver/Src/stm32f3xx_hal.c **** 
 322:Drivers/STM32F3xx_HAL_Driver/Src/stm32f3xx_hal.c ****     /* Apply the new tick Freq */
 323:Drivers/STM32F3xx_HAL_Driver/Src/stm32f3xx_hal.c ****     status = HAL_InitTick(uwTickPrio);
 324:Drivers/STM32F3xx_HAL_Driver/Src/stm32f3xx_hal.c **** 
 325:Drivers/STM32F3xx_HAL_Driver/Src/stm32f3xx_hal.c ****     if (status != HAL_OK)
 326:Drivers/STM32F3xx_HAL_Driver/Src/stm32f3xx_hal.c ****     {
 327:Drivers/STM32F3xx_HAL_Driver/Src/stm32f3xx_hal.c ****       /* Restore previous tick frequency */
 328:Drivers/STM32F3xx_HAL_Driver/Src/stm32f3xx_hal.c ****       uwTickFreq = prevTickFreq;
 329:Drivers/STM32F3xx_HAL_Driver/Src/stm32f3xx_hal.c ****     }
 330:Drivers/STM32F3xx_HAL_Driver/Src/stm32f3xx_hal.c ****   }
 331:Drivers/STM32F3xx_HAL_Driver/Src/stm32f3xx_hal.c **** 
 332:Drivers/STM32F3xx_HAL_Driver/Src/stm32f3xx_hal.c ****   return status;
 384              		.loc 1 332 3 is_stmt 1 view .LVU71
 333:Drivers/STM32F3xx_HAL_Driver/Src/stm32f3xx_hal.c **** }
 385              		.loc 1 333 1 is_stmt 0 view .LVU72
 386 000c 38BD     		pop	{r3, r4, r5, pc}
 387              	.LVL14:
 388              	.L36:
 317:Drivers/STM32F3xx_HAL_Driver/Src/stm32f3xx_hal.c **** 
 389              		.loc 1 317 5 is_stmt 1 view .LVU73
 320:Drivers/STM32F3xx_HAL_Driver/Src/stm32f3xx_hal.c **** 
ARM GAS  /tmp/ccELFNFN.s 			page 14


 390              		.loc 1 320 5 view .LVU74
 323:Drivers/STM32F3xx_HAL_Driver/Src/stm32f3xx_hal.c **** 
 391              		.loc 1 323 14 is_stmt 0 view .LVU75
 392 000e 054B     		ldr	r3, .L37+4
 320:Drivers/STM32F3xx_HAL_Driver/Src/stm32f3xx_hal.c **** 
 393              		.loc 1 320 16 view .LVU76
 394 0010 2070     		strb	r0, [r4]
 323:Drivers/STM32F3xx_HAL_Driver/Src/stm32f3xx_hal.c **** 
 395              		.loc 1 323 5 is_stmt 1 view .LVU77
 323:Drivers/STM32F3xx_HAL_Driver/Src/stm32f3xx_hal.c **** 
 396              		.loc 1 323 14 is_stmt 0 view .LVU78
 397 0012 1868     		ldr	r0, [r3]
 398              	.LVL15:
 323:Drivers/STM32F3xx_HAL_Driver/Src/stm32f3xx_hal.c **** 
 399              		.loc 1 323 14 view .LVU79
 400 0014 FFF7FEFF 		bl	HAL_InitTick
 401              	.LVL16:
 325:Drivers/STM32F3xx_HAL_Driver/Src/stm32f3xx_hal.c ****     {
 402              		.loc 1 325 5 is_stmt 1 view .LVU80
 325:Drivers/STM32F3xx_HAL_Driver/Src/stm32f3xx_hal.c ****     {
 403              		.loc 1 325 8 is_stmt 0 view .LVU81
 404 0018 0028     		cmp	r0, #0
 405 001a F7D0     		beq	.L30
 328:Drivers/STM32F3xx_HAL_Driver/Src/stm32f3xx_hal.c ****     }
 406              		.loc 1 328 7 is_stmt 1 view .LVU82
 328:Drivers/STM32F3xx_HAL_Driver/Src/stm32f3xx_hal.c ****     }
 407              		.loc 1 328 18 is_stmt 0 view .LVU83
 408 001c 2570     		strb	r5, [r4]
 332:Drivers/STM32F3xx_HAL_Driver/Src/stm32f3xx_hal.c **** }
 409              		.loc 1 332 3 is_stmt 1 view .LVU84
 410              		.loc 1 333 1 is_stmt 0 view .LVU85
 411 001e 38BD     		pop	{r3, r4, r5, pc}
 412              	.LVL17:
 413              	.L38:
 414              		.loc 1 333 1 view .LVU86
 415              		.align	2
 416              	.L37:
 417 0020 00000000 		.word	.LANCHOR0
 418 0024 00000000 		.word	.LANCHOR1
 419              		.cfi_endproc
 420              	.LFE138:
 422              		.section	.text.HAL_GetTickFreq,"ax",%progbits
 423              		.align	1
 424              		.p2align 2,,3
 425              		.global	HAL_GetTickFreq
 426              		.syntax unified
 427              		.thumb
 428              		.thumb_func
 429              		.fpu fpv4-sp-d16
 431              	HAL_GetTickFreq:
 432              	.LFB139:
 334:Drivers/STM32F3xx_HAL_Driver/Src/stm32f3xx_hal.c **** 
 335:Drivers/STM32F3xx_HAL_Driver/Src/stm32f3xx_hal.c **** /**
 336:Drivers/STM32F3xx_HAL_Driver/Src/stm32f3xx_hal.c ****   * @brief Return tick frequency.
 337:Drivers/STM32F3xx_HAL_Driver/Src/stm32f3xx_hal.c ****   * @retval Tick frequency.
 338:Drivers/STM32F3xx_HAL_Driver/Src/stm32f3xx_hal.c ****   *         Value of @ref HAL_TickFreqTypeDef.
 339:Drivers/STM32F3xx_HAL_Driver/Src/stm32f3xx_hal.c ****   */
ARM GAS  /tmp/ccELFNFN.s 			page 15


 340:Drivers/STM32F3xx_HAL_Driver/Src/stm32f3xx_hal.c **** HAL_TickFreqTypeDef HAL_GetTickFreq(void)
 341:Drivers/STM32F3xx_HAL_Driver/Src/stm32f3xx_hal.c **** {
 433              		.loc 1 341 1 is_stmt 1 view -0
 434              		.cfi_startproc
 435              		@ args = 0, pretend = 0, frame = 0
 436              		@ frame_needed = 0, uses_anonymous_args = 0
 437              		@ link register save eliminated.
 342:Drivers/STM32F3xx_HAL_Driver/Src/stm32f3xx_hal.c ****   return uwTickFreq;
 438              		.loc 1 342 3 view .LVU88
 439              		.loc 1 342 10 is_stmt 0 view .LVU89
 440 0000 014B     		ldr	r3, .L40
 343:Drivers/STM32F3xx_HAL_Driver/Src/stm32f3xx_hal.c **** }
 441              		.loc 1 343 1 view .LVU90
 442 0002 1878     		ldrb	r0, [r3]	@ zero_extendqisi2
 443 0004 7047     		bx	lr
 444              	.L41:
 445 0006 00BF     		.align	2
 446              	.L40:
 447 0008 00000000 		.word	.LANCHOR0
 448              		.cfi_endproc
 449              	.LFE139:
 451              		.section	.text.HAL_Delay,"ax",%progbits
 452              		.align	1
 453              		.p2align 2,,3
 454              		.weak	HAL_Delay
 455              		.syntax unified
 456              		.thumb
 457              		.thumb_func
 458              		.fpu fpv4-sp-d16
 460              	HAL_Delay:
 461              	.LVL18:
 462              	.LFB140:
 344:Drivers/STM32F3xx_HAL_Driver/Src/stm32f3xx_hal.c **** 
 345:Drivers/STM32F3xx_HAL_Driver/Src/stm32f3xx_hal.c **** /**
 346:Drivers/STM32F3xx_HAL_Driver/Src/stm32f3xx_hal.c ****   * @brief  This function provides accurate delay (in milliseconds) based
 347:Drivers/STM32F3xx_HAL_Driver/Src/stm32f3xx_hal.c ****   *         on variable incremented.
 348:Drivers/STM32F3xx_HAL_Driver/Src/stm32f3xx_hal.c ****   * @note   In the default implementation , SysTick timer is the source of time base. 
 349:Drivers/STM32F3xx_HAL_Driver/Src/stm32f3xx_hal.c ****   *         It is used to generate interrupts at regular time intervals where uwTick
 350:Drivers/STM32F3xx_HAL_Driver/Src/stm32f3xx_hal.c ****   *         is incremented.
 351:Drivers/STM32F3xx_HAL_Driver/Src/stm32f3xx_hal.c ****   *         The function is declared as __Weak  to be overwritten  in case of other
 352:Drivers/STM32F3xx_HAL_Driver/Src/stm32f3xx_hal.c ****   *         implementations  in user file.
 353:Drivers/STM32F3xx_HAL_Driver/Src/stm32f3xx_hal.c ****   * @param  Delay specifies the delay time length, in milliseconds.
 354:Drivers/STM32F3xx_HAL_Driver/Src/stm32f3xx_hal.c ****   * @retval None
 355:Drivers/STM32F3xx_HAL_Driver/Src/stm32f3xx_hal.c ****   */
 356:Drivers/STM32F3xx_HAL_Driver/Src/stm32f3xx_hal.c **** __weak void HAL_Delay(uint32_t Delay)
 357:Drivers/STM32F3xx_HAL_Driver/Src/stm32f3xx_hal.c **** {
 463              		.loc 1 357 1 is_stmt 1 view -0
 464              		.cfi_startproc
 465              		@ args = 0, pretend = 0, frame = 0
 466              		@ frame_needed = 0, uses_anonymous_args = 0
 358:Drivers/STM32F3xx_HAL_Driver/Src/stm32f3xx_hal.c ****   uint32_t tickstart = HAL_GetTick();
 467              		.loc 1 358 3 view .LVU92
 357:Drivers/STM32F3xx_HAL_Driver/Src/stm32f3xx_hal.c ****   uint32_t tickstart = HAL_GetTick();
 468              		.loc 1 357 1 is_stmt 0 view .LVU93
 469 0000 38B5     		push	{r3, r4, r5, lr}
 470              	.LCFI4:
 471              		.cfi_def_cfa_offset 16
ARM GAS  /tmp/ccELFNFN.s 			page 16


 472              		.cfi_offset 3, -16
 473              		.cfi_offset 4, -12
 474              		.cfi_offset 5, -8
 475              		.cfi_offset 14, -4
 357:Drivers/STM32F3xx_HAL_Driver/Src/stm32f3xx_hal.c ****   uint32_t tickstart = HAL_GetTick();
 476              		.loc 1 357 1 view .LVU94
 477 0002 0446     		mov	r4, r0
 478              		.loc 1 358 24 view .LVU95
 479 0004 FFF7FEFF 		bl	HAL_GetTick
 480              	.LVL19:
 359:Drivers/STM32F3xx_HAL_Driver/Src/stm32f3xx_hal.c ****   uint32_t wait = Delay;
 360:Drivers/STM32F3xx_HAL_Driver/Src/stm32f3xx_hal.c ****   
 361:Drivers/STM32F3xx_HAL_Driver/Src/stm32f3xx_hal.c ****   /* Add freq to guarantee minimum wait */
 362:Drivers/STM32F3xx_HAL_Driver/Src/stm32f3xx_hal.c ****   if (wait < HAL_MAX_DELAY)
 481              		.loc 1 362 6 view .LVU96
 482 0008 631C     		adds	r3, r4, #1
 358:Drivers/STM32F3xx_HAL_Driver/Src/stm32f3xx_hal.c ****   uint32_t wait = Delay;
 483              		.loc 1 358 24 view .LVU97
 484 000a 0546     		mov	r5, r0
 485              	.LVL20:
 359:Drivers/STM32F3xx_HAL_Driver/Src/stm32f3xx_hal.c ****   uint32_t wait = Delay;
 486              		.loc 1 359 3 is_stmt 1 view .LVU98
 487              		.loc 1 362 3 view .LVU99
 488              		.loc 1 362 6 is_stmt 0 view .LVU100
 489 000c 02D0     		beq	.L44
 363:Drivers/STM32F3xx_HAL_Driver/Src/stm32f3xx_hal.c ****   {
 364:Drivers/STM32F3xx_HAL_Driver/Src/stm32f3xx_hal.c ****     wait += (uint32_t)(uwTickFreq);
 490              		.loc 1 364 5 is_stmt 1 view .LVU101
 491              		.loc 1 364 13 is_stmt 0 view .LVU102
 492 000e 044B     		ldr	r3, .L50
 493 0010 1B78     		ldrb	r3, [r3]	@ zero_extendqisi2
 494              		.loc 1 364 10 view .LVU103
 495 0012 1C44     		add	r4, r4, r3
 496              	.LVL21:
 497              	.L44:
 365:Drivers/STM32F3xx_HAL_Driver/Src/stm32f3xx_hal.c ****   }
 366:Drivers/STM32F3xx_HAL_Driver/Src/stm32f3xx_hal.c ****   
 367:Drivers/STM32F3xx_HAL_Driver/Src/stm32f3xx_hal.c ****   while((HAL_GetTick() - tickstart) < wait)
 368:Drivers/STM32F3xx_HAL_Driver/Src/stm32f3xx_hal.c ****   {
 369:Drivers/STM32F3xx_HAL_Driver/Src/stm32f3xx_hal.c ****   }
 498              		.loc 1 369 3 is_stmt 1 discriminator 1 view .LVU104
 367:Drivers/STM32F3xx_HAL_Driver/Src/stm32f3xx_hal.c ****   {
 499              		.loc 1 367 10 is_stmt 0 discriminator 1 view .LVU105
 500 0014 FFF7FEFF 		bl	HAL_GetTick
 501              	.LVL22:
 367:Drivers/STM32F3xx_HAL_Driver/Src/stm32f3xx_hal.c ****   {
 502              		.loc 1 367 24 discriminator 1 view .LVU106
 503 0018 401B     		subs	r0, r0, r5
 367:Drivers/STM32F3xx_HAL_Driver/Src/stm32f3xx_hal.c ****   {
 504              		.loc 1 367 8 discriminator 1 view .LVU107
 505 001a A042     		cmp	r0, r4
 506 001c FAD3     		bcc	.L44
 370:Drivers/STM32F3xx_HAL_Driver/Src/stm32f3xx_hal.c **** }
 507              		.loc 1 370 1 view .LVU108
 508 001e 38BD     		pop	{r3, r4, r5, pc}
 509              	.LVL23:
 510              	.L51:
ARM GAS  /tmp/ccELFNFN.s 			page 17


 511              		.loc 1 370 1 view .LVU109
 512              		.align	2
 513              	.L50:
 514 0020 00000000 		.word	.LANCHOR0
 515              		.cfi_endproc
 516              	.LFE140:
 518              		.section	.text.HAL_SuspendTick,"ax",%progbits
 519              		.align	1
 520              		.p2align 2,,3
 521              		.weak	HAL_SuspendTick
 522              		.syntax unified
 523              		.thumb
 524              		.thumb_func
 525              		.fpu fpv4-sp-d16
 527              	HAL_SuspendTick:
 528              	.LFB141:
 371:Drivers/STM32F3xx_HAL_Driver/Src/stm32f3xx_hal.c **** 
 372:Drivers/STM32F3xx_HAL_Driver/Src/stm32f3xx_hal.c **** /**
 373:Drivers/STM32F3xx_HAL_Driver/Src/stm32f3xx_hal.c ****   * @brief  Suspend Tick increment.
 374:Drivers/STM32F3xx_HAL_Driver/Src/stm32f3xx_hal.c ****   * @note   In the default implementation , SysTick timer is the source of time base. It is  
 375:Drivers/STM32F3xx_HAL_Driver/Src/stm32f3xx_hal.c ****   *         used to generate interrupts at regular time intervals. Once HAL_SuspendTick()
 376:Drivers/STM32F3xx_HAL_Driver/Src/stm32f3xx_hal.c ****   *         is called, the the SysTick interrupt will be disabled and so Tick increment 
 377:Drivers/STM32F3xx_HAL_Driver/Src/stm32f3xx_hal.c ****   *         is suspended.
 378:Drivers/STM32F3xx_HAL_Driver/Src/stm32f3xx_hal.c ****   * @note This function is declared as __weak to be overwritten in case of other
 379:Drivers/STM32F3xx_HAL_Driver/Src/stm32f3xx_hal.c ****   *         implementations  in user file.
 380:Drivers/STM32F3xx_HAL_Driver/Src/stm32f3xx_hal.c ****   * @retval None
 381:Drivers/STM32F3xx_HAL_Driver/Src/stm32f3xx_hal.c ****   */
 382:Drivers/STM32F3xx_HAL_Driver/Src/stm32f3xx_hal.c **** __weak void HAL_SuspendTick(void)
 383:Drivers/STM32F3xx_HAL_Driver/Src/stm32f3xx_hal.c **** 
 384:Drivers/STM32F3xx_HAL_Driver/Src/stm32f3xx_hal.c **** {
 529              		.loc 1 384 1 is_stmt 1 view -0
 530              		.cfi_startproc
 531              		@ args = 0, pretend = 0, frame = 0
 532              		@ frame_needed = 0, uses_anonymous_args = 0
 533              		@ link register save eliminated.
 385:Drivers/STM32F3xx_HAL_Driver/Src/stm32f3xx_hal.c ****   /* Disable SysTick Interrupt */
 386:Drivers/STM32F3xx_HAL_Driver/Src/stm32f3xx_hal.c ****   SysTick->CTRL &= ~SysTick_CTRL_TICKINT_Msk;
 534              		.loc 1 386 3 view .LVU111
 535              		.loc 1 386 17 is_stmt 0 view .LVU112
 536 0000 024A     		ldr	r2, .L53
 537 0002 1368     		ldr	r3, [r2]
 538 0004 23F00203 		bic	r3, r3, #2
 539 0008 1360     		str	r3, [r2]
 387:Drivers/STM32F3xx_HAL_Driver/Src/stm32f3xx_hal.c ****                                                    
 388:Drivers/STM32F3xx_HAL_Driver/Src/stm32f3xx_hal.c **** }
 540              		.loc 1 388 1 view .LVU113
 541 000a 7047     		bx	lr
 542              	.L54:
 543              		.align	2
 544              	.L53:
 545 000c 10E000E0 		.word	-536813552
 546              		.cfi_endproc
 547              	.LFE141:
 549              		.section	.text.HAL_ResumeTick,"ax",%progbits
 550              		.align	1
 551              		.p2align 2,,3
 552              		.weak	HAL_ResumeTick
ARM GAS  /tmp/ccELFNFN.s 			page 18


 553              		.syntax unified
 554              		.thumb
 555              		.thumb_func
 556              		.fpu fpv4-sp-d16
 558              	HAL_ResumeTick:
 559              	.LFB142:
 389:Drivers/STM32F3xx_HAL_Driver/Src/stm32f3xx_hal.c **** 
 390:Drivers/STM32F3xx_HAL_Driver/Src/stm32f3xx_hal.c **** /**
 391:Drivers/STM32F3xx_HAL_Driver/Src/stm32f3xx_hal.c ****   * @brief  Resume Tick increment.
 392:Drivers/STM32F3xx_HAL_Driver/Src/stm32f3xx_hal.c ****   * @note   In the default implementation , SysTick timer is the source of time base. It is  
 393:Drivers/STM32F3xx_HAL_Driver/Src/stm32f3xx_hal.c ****   *         used to generate interrupts at regular time intervals. Once HAL_ResumeTick()
 394:Drivers/STM32F3xx_HAL_Driver/Src/stm32f3xx_hal.c ****   *         is called, the the SysTick interrupt will be enabled and so Tick increment 
 395:Drivers/STM32F3xx_HAL_Driver/Src/stm32f3xx_hal.c ****   *         is resumed.
 396:Drivers/STM32F3xx_HAL_Driver/Src/stm32f3xx_hal.c ****   *         The function is declared as __Weak  to be overwritten  in case of other
 397:Drivers/STM32F3xx_HAL_Driver/Src/stm32f3xx_hal.c ****   *         implementations  in user file.
 398:Drivers/STM32F3xx_HAL_Driver/Src/stm32f3xx_hal.c ****   * @retval None
 399:Drivers/STM32F3xx_HAL_Driver/Src/stm32f3xx_hal.c ****   */
 400:Drivers/STM32F3xx_HAL_Driver/Src/stm32f3xx_hal.c **** __weak void HAL_ResumeTick(void)
 401:Drivers/STM32F3xx_HAL_Driver/Src/stm32f3xx_hal.c **** {
 560              		.loc 1 401 1 is_stmt 1 view -0
 561              		.cfi_startproc
 562              		@ args = 0, pretend = 0, frame = 0
 563              		@ frame_needed = 0, uses_anonymous_args = 0
 564              		@ link register save eliminated.
 402:Drivers/STM32F3xx_HAL_Driver/Src/stm32f3xx_hal.c ****   /* Enable SysTick Interrupt */
 403:Drivers/STM32F3xx_HAL_Driver/Src/stm32f3xx_hal.c ****   SysTick->CTRL  |= SysTick_CTRL_TICKINT_Msk;
 565              		.loc 1 403 3 view .LVU115
 566              		.loc 1 403 18 is_stmt 0 view .LVU116
 567 0000 024A     		ldr	r2, .L56
 568 0002 1368     		ldr	r3, [r2]
 569 0004 43F00203 		orr	r3, r3, #2
 570 0008 1360     		str	r3, [r2]
 404:Drivers/STM32F3xx_HAL_Driver/Src/stm32f3xx_hal.c ****   
 405:Drivers/STM32F3xx_HAL_Driver/Src/stm32f3xx_hal.c **** }
 571              		.loc 1 405 1 view .LVU117
 572 000a 7047     		bx	lr
 573              	.L57:
 574              		.align	2
 575              	.L56:
 576 000c 10E000E0 		.word	-536813552
 577              		.cfi_endproc
 578              	.LFE142:
 580              		.section	.text.HAL_GetHalVersion,"ax",%progbits
 581              		.align	1
 582              		.p2align 2,,3
 583              		.global	HAL_GetHalVersion
 584              		.syntax unified
 585              		.thumb
 586              		.thumb_func
 587              		.fpu fpv4-sp-d16
 589              	HAL_GetHalVersion:
 590              	.LFB143:
 406:Drivers/STM32F3xx_HAL_Driver/Src/stm32f3xx_hal.c **** 
 407:Drivers/STM32F3xx_HAL_Driver/Src/stm32f3xx_hal.c **** /**
 408:Drivers/STM32F3xx_HAL_Driver/Src/stm32f3xx_hal.c ****   * @brief  This function returns the HAL revision
 409:Drivers/STM32F3xx_HAL_Driver/Src/stm32f3xx_hal.c ****   * @retval version 0xXYZR (8bits for each decimal, R for RC)
 410:Drivers/STM32F3xx_HAL_Driver/Src/stm32f3xx_hal.c ****   */
ARM GAS  /tmp/ccELFNFN.s 			page 19


 411:Drivers/STM32F3xx_HAL_Driver/Src/stm32f3xx_hal.c **** uint32_t HAL_GetHalVersion(void)
 412:Drivers/STM32F3xx_HAL_Driver/Src/stm32f3xx_hal.c **** {
 591              		.loc 1 412 1 is_stmt 1 view -0
 592              		.cfi_startproc
 593              		@ args = 0, pretend = 0, frame = 0
 594              		@ frame_needed = 0, uses_anonymous_args = 0
 595              		@ link register save eliminated.
 413:Drivers/STM32F3xx_HAL_Driver/Src/stm32f3xx_hal.c ****  return __STM32F3xx_HAL_VERSION;
 596              		.loc 1 413 2 view .LVU119
 414:Drivers/STM32F3xx_HAL_Driver/Src/stm32f3xx_hal.c **** }
 597              		.loc 1 414 1 is_stmt 0 view .LVU120
 598 0000 0048     		ldr	r0, .L59
 599 0002 7047     		bx	lr
 600              	.L60:
 601              		.align	2
 602              	.L59:
 603 0004 00070501 		.word	17106688
 604              		.cfi_endproc
 605              	.LFE143:
 607              		.section	.text.HAL_GetREVID,"ax",%progbits
 608              		.align	1
 609              		.p2align 2,,3
 610              		.global	HAL_GetREVID
 611              		.syntax unified
 612              		.thumb
 613              		.thumb_func
 614              		.fpu fpv4-sp-d16
 616              	HAL_GetREVID:
 617              	.LFB144:
 415:Drivers/STM32F3xx_HAL_Driver/Src/stm32f3xx_hal.c **** 
 416:Drivers/STM32F3xx_HAL_Driver/Src/stm32f3xx_hal.c **** /**
 417:Drivers/STM32F3xx_HAL_Driver/Src/stm32f3xx_hal.c ****   * @brief  Returns the device revision identifier.
 418:Drivers/STM32F3xx_HAL_Driver/Src/stm32f3xx_hal.c ****   * @retval Device revision identifier
 419:Drivers/STM32F3xx_HAL_Driver/Src/stm32f3xx_hal.c ****   */
 420:Drivers/STM32F3xx_HAL_Driver/Src/stm32f3xx_hal.c **** uint32_t HAL_GetREVID(void)
 421:Drivers/STM32F3xx_HAL_Driver/Src/stm32f3xx_hal.c **** {
 618              		.loc 1 421 1 is_stmt 1 view -0
 619              		.cfi_startproc
 620              		@ args = 0, pretend = 0, frame = 0
 621              		@ frame_needed = 0, uses_anonymous_args = 0
 622              		@ link register save eliminated.
 422:Drivers/STM32F3xx_HAL_Driver/Src/stm32f3xx_hal.c ****   return((DBGMCU->IDCODE) >> 16U);
 623              		.loc 1 422 3 view .LVU122
 624              		.loc 1 422 17 is_stmt 0 view .LVU123
 625 0000 014B     		ldr	r3, .L62
 626 0002 1868     		ldr	r0, [r3]
 423:Drivers/STM32F3xx_HAL_Driver/Src/stm32f3xx_hal.c **** }
 627              		.loc 1 423 1 view .LVU124
 628 0004 000C     		lsrs	r0, r0, #16
 629 0006 7047     		bx	lr
 630              	.L63:
 631              		.align	2
 632              	.L62:
 633 0008 002004E0 		.word	-536600576
 634              		.cfi_endproc
 635              	.LFE144:
 637              		.section	.text.HAL_GetDEVID,"ax",%progbits
ARM GAS  /tmp/ccELFNFN.s 			page 20


 638              		.align	1
 639              		.p2align 2,,3
 640              		.global	HAL_GetDEVID
 641              		.syntax unified
 642              		.thumb
 643              		.thumb_func
 644              		.fpu fpv4-sp-d16
 646              	HAL_GetDEVID:
 647              	.LFB145:
 424:Drivers/STM32F3xx_HAL_Driver/Src/stm32f3xx_hal.c **** 
 425:Drivers/STM32F3xx_HAL_Driver/Src/stm32f3xx_hal.c **** /**
 426:Drivers/STM32F3xx_HAL_Driver/Src/stm32f3xx_hal.c ****   * @brief  Returns the device identifier.
 427:Drivers/STM32F3xx_HAL_Driver/Src/stm32f3xx_hal.c ****   * @retval Device identifier
 428:Drivers/STM32F3xx_HAL_Driver/Src/stm32f3xx_hal.c ****   */
 429:Drivers/STM32F3xx_HAL_Driver/Src/stm32f3xx_hal.c **** uint32_t HAL_GetDEVID(void)
 430:Drivers/STM32F3xx_HAL_Driver/Src/stm32f3xx_hal.c **** {
 648              		.loc 1 430 1 is_stmt 1 view -0
 649              		.cfi_startproc
 650              		@ args = 0, pretend = 0, frame = 0
 651              		@ frame_needed = 0, uses_anonymous_args = 0
 652              		@ link register save eliminated.
 431:Drivers/STM32F3xx_HAL_Driver/Src/stm32f3xx_hal.c ****   return((DBGMCU->IDCODE) & IDCODE_DEVID_MASK);
 653              		.loc 1 431 3 view .LVU126
 654              		.loc 1 431 17 is_stmt 0 view .LVU127
 655 0000 024B     		ldr	r3, .L65
 656 0002 1868     		ldr	r0, [r3]
 432:Drivers/STM32F3xx_HAL_Driver/Src/stm32f3xx_hal.c **** }
 657              		.loc 1 432 1 view .LVU128
 658 0004 C0F30B00 		ubfx	r0, r0, #0, #12
 659 0008 7047     		bx	lr
 660              	.L66:
 661 000a 00BF     		.align	2
 662              	.L65:
 663 000c 002004E0 		.word	-536600576
 664              		.cfi_endproc
 665              	.LFE145:
 667              		.section	.text.HAL_GetUIDw0,"ax",%progbits
 668              		.align	1
 669              		.p2align 2,,3
 670              		.global	HAL_GetUIDw0
 671              		.syntax unified
 672              		.thumb
 673              		.thumb_func
 674              		.fpu fpv4-sp-d16
 676              	HAL_GetUIDw0:
 677              	.LFB146:
 433:Drivers/STM32F3xx_HAL_Driver/Src/stm32f3xx_hal.c **** 
 434:Drivers/STM32F3xx_HAL_Driver/Src/stm32f3xx_hal.c **** /**
 435:Drivers/STM32F3xx_HAL_Driver/Src/stm32f3xx_hal.c ****   * @brief  Returns first word of the unique device identifier (UID based on 96 bits)
 436:Drivers/STM32F3xx_HAL_Driver/Src/stm32f3xx_hal.c ****   * @retval Device identifier
 437:Drivers/STM32F3xx_HAL_Driver/Src/stm32f3xx_hal.c ****   */
 438:Drivers/STM32F3xx_HAL_Driver/Src/stm32f3xx_hal.c **** uint32_t HAL_GetUIDw0(void)
 439:Drivers/STM32F3xx_HAL_Driver/Src/stm32f3xx_hal.c **** {
 678              		.loc 1 439 1 is_stmt 1 view -0
 679              		.cfi_startproc
 680              		@ args = 0, pretend = 0, frame = 0
 681              		@ frame_needed = 0, uses_anonymous_args = 0
ARM GAS  /tmp/ccELFNFN.s 			page 21


 682              		@ link register save eliminated.
 440:Drivers/STM32F3xx_HAL_Driver/Src/stm32f3xx_hal.c ****    return(READ_REG(*((uint32_t *)UID_BASE)));
 683              		.loc 1 440 4 view .LVU130
 684              		.loc 1 440 11 is_stmt 0 view .LVU131
 685 0000 014B     		ldr	r3, .L68
 441:Drivers/STM32F3xx_HAL_Driver/Src/stm32f3xx_hal.c **** }
 686              		.loc 1 441 1 view .LVU132
 687 0002 1868     		ldr	r0, [r3]
 688 0004 7047     		bx	lr
 689              	.L69:
 690 0006 00BF     		.align	2
 691              	.L68:
 692 0008 ACF7FF1F 		.word	536868780
 693              		.cfi_endproc
 694              	.LFE146:
 696              		.section	.text.HAL_GetUIDw1,"ax",%progbits
 697              		.align	1
 698              		.p2align 2,,3
 699              		.global	HAL_GetUIDw1
 700              		.syntax unified
 701              		.thumb
 702              		.thumb_func
 703              		.fpu fpv4-sp-d16
 705              	HAL_GetUIDw1:
 706              	.LFB147:
 442:Drivers/STM32F3xx_HAL_Driver/Src/stm32f3xx_hal.c **** 
 443:Drivers/STM32F3xx_HAL_Driver/Src/stm32f3xx_hal.c **** /**
 444:Drivers/STM32F3xx_HAL_Driver/Src/stm32f3xx_hal.c ****   * @brief  Returns second word of the unique device identifier (UID based on 96 bits)
 445:Drivers/STM32F3xx_HAL_Driver/Src/stm32f3xx_hal.c ****   * @retval Device identifier
 446:Drivers/STM32F3xx_HAL_Driver/Src/stm32f3xx_hal.c ****   */
 447:Drivers/STM32F3xx_HAL_Driver/Src/stm32f3xx_hal.c **** uint32_t HAL_GetUIDw1(void)
 448:Drivers/STM32F3xx_HAL_Driver/Src/stm32f3xx_hal.c **** {
 707              		.loc 1 448 1 is_stmt 1 view -0
 708              		.cfi_startproc
 709              		@ args = 0, pretend = 0, frame = 0
 710              		@ frame_needed = 0, uses_anonymous_args = 0
 711              		@ link register save eliminated.
 449:Drivers/STM32F3xx_HAL_Driver/Src/stm32f3xx_hal.c ****    return(READ_REG(*((uint32_t *)(UID_BASE + 4U))));
 712              		.loc 1 449 4 view .LVU134
 713              		.loc 1 449 11 is_stmt 0 view .LVU135
 714 0000 014B     		ldr	r3, .L71
 450:Drivers/STM32F3xx_HAL_Driver/Src/stm32f3xx_hal.c **** }
 715              		.loc 1 450 1 view .LVU136
 716 0002 1868     		ldr	r0, [r3]
 717 0004 7047     		bx	lr
 718              	.L72:
 719 0006 00BF     		.align	2
 720              	.L71:
 721 0008 B0F7FF1F 		.word	536868784
 722              		.cfi_endproc
 723              	.LFE147:
 725              		.section	.text.HAL_GetUIDw2,"ax",%progbits
 726              		.align	1
 727              		.p2align 2,,3
 728              		.global	HAL_GetUIDw2
 729              		.syntax unified
 730              		.thumb
ARM GAS  /tmp/ccELFNFN.s 			page 22


 731              		.thumb_func
 732              		.fpu fpv4-sp-d16
 734              	HAL_GetUIDw2:
 735              	.LFB148:
 451:Drivers/STM32F3xx_HAL_Driver/Src/stm32f3xx_hal.c **** 
 452:Drivers/STM32F3xx_HAL_Driver/Src/stm32f3xx_hal.c **** /**
 453:Drivers/STM32F3xx_HAL_Driver/Src/stm32f3xx_hal.c ****   * @brief  Returns third word of the unique device identifier (UID based on 96 bits)
 454:Drivers/STM32F3xx_HAL_Driver/Src/stm32f3xx_hal.c ****   * @retval Device identifier
 455:Drivers/STM32F3xx_HAL_Driver/Src/stm32f3xx_hal.c ****   */
 456:Drivers/STM32F3xx_HAL_Driver/Src/stm32f3xx_hal.c **** uint32_t HAL_GetUIDw2(void)
 457:Drivers/STM32F3xx_HAL_Driver/Src/stm32f3xx_hal.c **** {
 736              		.loc 1 457 1 is_stmt 1 view -0
 737              		.cfi_startproc
 738              		@ args = 0, pretend = 0, frame = 0
 739              		@ frame_needed = 0, uses_anonymous_args = 0
 740              		@ link register save eliminated.
 458:Drivers/STM32F3xx_HAL_Driver/Src/stm32f3xx_hal.c ****    return(READ_REG(*((uint32_t *)(UID_BASE + 8U))));
 741              		.loc 1 458 4 view .LVU138
 742              		.loc 1 458 11 is_stmt 0 view .LVU139
 743 0000 014B     		ldr	r3, .L74
 459:Drivers/STM32F3xx_HAL_Driver/Src/stm32f3xx_hal.c **** }
 744              		.loc 1 459 1 view .LVU140
 745 0002 1868     		ldr	r0, [r3]
 746 0004 7047     		bx	lr
 747              	.L75:
 748 0006 00BF     		.align	2
 749              	.L74:
 750 0008 B4F7FF1F 		.word	536868788
 751              		.cfi_endproc
 752              	.LFE148:
 754              		.section	.text.HAL_DBGMCU_EnableDBGSleepMode,"ax",%progbits
 755              		.align	1
 756              		.p2align 2,,3
 757              		.global	HAL_DBGMCU_EnableDBGSleepMode
 758              		.syntax unified
 759              		.thumb
 760              		.thumb_func
 761              		.fpu fpv4-sp-d16
 763              	HAL_DBGMCU_EnableDBGSleepMode:
 764              	.LFB149:
 460:Drivers/STM32F3xx_HAL_Driver/Src/stm32f3xx_hal.c **** 
 461:Drivers/STM32F3xx_HAL_Driver/Src/stm32f3xx_hal.c **** /**
 462:Drivers/STM32F3xx_HAL_Driver/Src/stm32f3xx_hal.c ****   * @brief  Enable the Debug Module during SLEEP mode
 463:Drivers/STM32F3xx_HAL_Driver/Src/stm32f3xx_hal.c ****   * @retval None
 464:Drivers/STM32F3xx_HAL_Driver/Src/stm32f3xx_hal.c ****   */
 465:Drivers/STM32F3xx_HAL_Driver/Src/stm32f3xx_hal.c **** void HAL_DBGMCU_EnableDBGSleepMode(void)
 466:Drivers/STM32F3xx_HAL_Driver/Src/stm32f3xx_hal.c **** {
 765              		.loc 1 466 1 is_stmt 1 view -0
 766              		.cfi_startproc
 767              		@ args = 0, pretend = 0, frame = 0
 768              		@ frame_needed = 0, uses_anonymous_args = 0
 769              		@ link register save eliminated.
 467:Drivers/STM32F3xx_HAL_Driver/Src/stm32f3xx_hal.c ****   SET_BIT(DBGMCU->CR, DBGMCU_CR_DBG_SLEEP);
 770              		.loc 1 467 3 view .LVU142
 771 0000 024A     		ldr	r2, .L77
 772 0002 5368     		ldr	r3, [r2, #4]
 773 0004 43F00103 		orr	r3, r3, #1
ARM GAS  /tmp/ccELFNFN.s 			page 23


 774 0008 5360     		str	r3, [r2, #4]
 468:Drivers/STM32F3xx_HAL_Driver/Src/stm32f3xx_hal.c **** }
 775              		.loc 1 468 1 is_stmt 0 view .LVU143
 776 000a 7047     		bx	lr
 777              	.L78:
 778              		.align	2
 779              	.L77:
 780 000c 002004E0 		.word	-536600576
 781              		.cfi_endproc
 782              	.LFE149:
 784              		.section	.text.HAL_DBGMCU_DisableDBGSleepMode,"ax",%progbits
 785              		.align	1
 786              		.p2align 2,,3
 787              		.global	HAL_DBGMCU_DisableDBGSleepMode
 788              		.syntax unified
 789              		.thumb
 790              		.thumb_func
 791              		.fpu fpv4-sp-d16
 793              	HAL_DBGMCU_DisableDBGSleepMode:
 794              	.LFB150:
 469:Drivers/STM32F3xx_HAL_Driver/Src/stm32f3xx_hal.c **** 
 470:Drivers/STM32F3xx_HAL_Driver/Src/stm32f3xx_hal.c **** /**
 471:Drivers/STM32F3xx_HAL_Driver/Src/stm32f3xx_hal.c ****   * @brief  Disable the Debug Module during SLEEP mode
 472:Drivers/STM32F3xx_HAL_Driver/Src/stm32f3xx_hal.c ****   * @retval None
 473:Drivers/STM32F3xx_HAL_Driver/Src/stm32f3xx_hal.c ****   */
 474:Drivers/STM32F3xx_HAL_Driver/Src/stm32f3xx_hal.c **** void HAL_DBGMCU_DisableDBGSleepMode(void)
 475:Drivers/STM32F3xx_HAL_Driver/Src/stm32f3xx_hal.c **** {
 795              		.loc 1 475 1 is_stmt 1 view -0
 796              		.cfi_startproc
 797              		@ args = 0, pretend = 0, frame = 0
 798              		@ frame_needed = 0, uses_anonymous_args = 0
 799              		@ link register save eliminated.
 476:Drivers/STM32F3xx_HAL_Driver/Src/stm32f3xx_hal.c ****   CLEAR_BIT(DBGMCU->CR, DBGMCU_CR_DBG_SLEEP);
 800              		.loc 1 476 3 view .LVU145
 801 0000 024A     		ldr	r2, .L80
 802 0002 5368     		ldr	r3, [r2, #4]
 803 0004 23F00103 		bic	r3, r3, #1
 804 0008 5360     		str	r3, [r2, #4]
 477:Drivers/STM32F3xx_HAL_Driver/Src/stm32f3xx_hal.c **** }
 805              		.loc 1 477 1 is_stmt 0 view .LVU146
 806 000a 7047     		bx	lr
 807              	.L81:
 808              		.align	2
 809              	.L80:
 810 000c 002004E0 		.word	-536600576
 811              		.cfi_endproc
 812              	.LFE150:
 814              		.section	.text.HAL_DBGMCU_EnableDBGStopMode,"ax",%progbits
 815              		.align	1
 816              		.p2align 2,,3
 817              		.global	HAL_DBGMCU_EnableDBGStopMode
 818              		.syntax unified
 819              		.thumb
 820              		.thumb_func
 821              		.fpu fpv4-sp-d16
 823              	HAL_DBGMCU_EnableDBGStopMode:
 824              	.LFB151:
ARM GAS  /tmp/ccELFNFN.s 			page 24


 478:Drivers/STM32F3xx_HAL_Driver/Src/stm32f3xx_hal.c **** 
 479:Drivers/STM32F3xx_HAL_Driver/Src/stm32f3xx_hal.c **** /**
 480:Drivers/STM32F3xx_HAL_Driver/Src/stm32f3xx_hal.c ****   * @brief  Enable the Debug Module during STOP mode
 481:Drivers/STM32F3xx_HAL_Driver/Src/stm32f3xx_hal.c ****   * @retval None
 482:Drivers/STM32F3xx_HAL_Driver/Src/stm32f3xx_hal.c ****   */
 483:Drivers/STM32F3xx_HAL_Driver/Src/stm32f3xx_hal.c **** void HAL_DBGMCU_EnableDBGStopMode(void)
 484:Drivers/STM32F3xx_HAL_Driver/Src/stm32f3xx_hal.c **** {
 825              		.loc 1 484 1 is_stmt 1 view -0
 826              		.cfi_startproc
 827              		@ args = 0, pretend = 0, frame = 0
 828              		@ frame_needed = 0, uses_anonymous_args = 0
 829              		@ link register save eliminated.
 485:Drivers/STM32F3xx_HAL_Driver/Src/stm32f3xx_hal.c ****   SET_BIT(DBGMCU->CR, DBGMCU_CR_DBG_STOP);
 830              		.loc 1 485 3 view .LVU148
 831 0000 024A     		ldr	r2, .L83
 832 0002 5368     		ldr	r3, [r2, #4]
 833 0004 43F00203 		orr	r3, r3, #2
 834 0008 5360     		str	r3, [r2, #4]
 486:Drivers/STM32F3xx_HAL_Driver/Src/stm32f3xx_hal.c **** }
 835              		.loc 1 486 1 is_stmt 0 view .LVU149
 836 000a 7047     		bx	lr
 837              	.L84:
 838              		.align	2
 839              	.L83:
 840 000c 002004E0 		.word	-536600576
 841              		.cfi_endproc
 842              	.LFE151:
 844              		.section	.text.HAL_DBGMCU_DisableDBGStopMode,"ax",%progbits
 845              		.align	1
 846              		.p2align 2,,3
 847              		.global	HAL_DBGMCU_DisableDBGStopMode
 848              		.syntax unified
 849              		.thumb
 850              		.thumb_func
 851              		.fpu fpv4-sp-d16
 853              	HAL_DBGMCU_DisableDBGStopMode:
 854              	.LFB152:
 487:Drivers/STM32F3xx_HAL_Driver/Src/stm32f3xx_hal.c **** 
 488:Drivers/STM32F3xx_HAL_Driver/Src/stm32f3xx_hal.c **** /**
 489:Drivers/STM32F3xx_HAL_Driver/Src/stm32f3xx_hal.c ****   * @brief  Disable the Debug Module during STOP mode
 490:Drivers/STM32F3xx_HAL_Driver/Src/stm32f3xx_hal.c ****   * @retval None
 491:Drivers/STM32F3xx_HAL_Driver/Src/stm32f3xx_hal.c ****   */
 492:Drivers/STM32F3xx_HAL_Driver/Src/stm32f3xx_hal.c **** void HAL_DBGMCU_DisableDBGStopMode(void)
 493:Drivers/STM32F3xx_HAL_Driver/Src/stm32f3xx_hal.c **** {
 855              		.loc 1 493 1 is_stmt 1 view -0
 856              		.cfi_startproc
 857              		@ args = 0, pretend = 0, frame = 0
 858              		@ frame_needed = 0, uses_anonymous_args = 0
 859              		@ link register save eliminated.
 494:Drivers/STM32F3xx_HAL_Driver/Src/stm32f3xx_hal.c ****   CLEAR_BIT(DBGMCU->CR, DBGMCU_CR_DBG_STOP);
 860              		.loc 1 494 3 view .LVU151
 861 0000 024A     		ldr	r2, .L86
 862 0002 5368     		ldr	r3, [r2, #4]
 863 0004 23F00203 		bic	r3, r3, #2
 864 0008 5360     		str	r3, [r2, #4]
 495:Drivers/STM32F3xx_HAL_Driver/Src/stm32f3xx_hal.c **** }
 865              		.loc 1 495 1 is_stmt 0 view .LVU152
ARM GAS  /tmp/ccELFNFN.s 			page 25


 866 000a 7047     		bx	lr
 867              	.L87:
 868              		.align	2
 869              	.L86:
 870 000c 002004E0 		.word	-536600576
 871              		.cfi_endproc
 872              	.LFE152:
 874              		.section	.text.HAL_DBGMCU_EnableDBGStandbyMode,"ax",%progbits
 875              		.align	1
 876              		.p2align 2,,3
 877              		.global	HAL_DBGMCU_EnableDBGStandbyMode
 878              		.syntax unified
 879              		.thumb
 880              		.thumb_func
 881              		.fpu fpv4-sp-d16
 883              	HAL_DBGMCU_EnableDBGStandbyMode:
 884              	.LFB153:
 496:Drivers/STM32F3xx_HAL_Driver/Src/stm32f3xx_hal.c **** 
 497:Drivers/STM32F3xx_HAL_Driver/Src/stm32f3xx_hal.c **** /**
 498:Drivers/STM32F3xx_HAL_Driver/Src/stm32f3xx_hal.c ****   * @brief  Enable the Debug Module during STANDBY mode
 499:Drivers/STM32F3xx_HAL_Driver/Src/stm32f3xx_hal.c ****   * @retval None
 500:Drivers/STM32F3xx_HAL_Driver/Src/stm32f3xx_hal.c ****   */
 501:Drivers/STM32F3xx_HAL_Driver/Src/stm32f3xx_hal.c **** void HAL_DBGMCU_EnableDBGStandbyMode(void)
 502:Drivers/STM32F3xx_HAL_Driver/Src/stm32f3xx_hal.c **** {
 885              		.loc 1 502 1 is_stmt 1 view -0
 886              		.cfi_startproc
 887              		@ args = 0, pretend = 0, frame = 0
 888              		@ frame_needed = 0, uses_anonymous_args = 0
 889              		@ link register save eliminated.
 503:Drivers/STM32F3xx_HAL_Driver/Src/stm32f3xx_hal.c ****   SET_BIT(DBGMCU->CR, DBGMCU_CR_DBG_STANDBY);
 890              		.loc 1 503 3 view .LVU154
 891 0000 024A     		ldr	r2, .L89
 892 0002 5368     		ldr	r3, [r2, #4]
 893 0004 43F00403 		orr	r3, r3, #4
 894 0008 5360     		str	r3, [r2, #4]
 504:Drivers/STM32F3xx_HAL_Driver/Src/stm32f3xx_hal.c **** }
 895              		.loc 1 504 1 is_stmt 0 view .LVU155
 896 000a 7047     		bx	lr
 897              	.L90:
 898              		.align	2
 899              	.L89:
 900 000c 002004E0 		.word	-536600576
 901              		.cfi_endproc
 902              	.LFE153:
 904              		.section	.text.HAL_DBGMCU_DisableDBGStandbyMode,"ax",%progbits
 905              		.align	1
 906              		.p2align 2,,3
 907              		.global	HAL_DBGMCU_DisableDBGStandbyMode
 908              		.syntax unified
 909              		.thumb
 910              		.thumb_func
 911              		.fpu fpv4-sp-d16
 913              	HAL_DBGMCU_DisableDBGStandbyMode:
 914              	.LFB154:
 505:Drivers/STM32F3xx_HAL_Driver/Src/stm32f3xx_hal.c **** 
 506:Drivers/STM32F3xx_HAL_Driver/Src/stm32f3xx_hal.c **** /**
 507:Drivers/STM32F3xx_HAL_Driver/Src/stm32f3xx_hal.c ****   * @brief  Disable the Debug Module during STANDBY mode
ARM GAS  /tmp/ccELFNFN.s 			page 26


 508:Drivers/STM32F3xx_HAL_Driver/Src/stm32f3xx_hal.c ****   * @retval None
 509:Drivers/STM32F3xx_HAL_Driver/Src/stm32f3xx_hal.c ****   */
 510:Drivers/STM32F3xx_HAL_Driver/Src/stm32f3xx_hal.c **** void HAL_DBGMCU_DisableDBGStandbyMode(void)
 511:Drivers/STM32F3xx_HAL_Driver/Src/stm32f3xx_hal.c **** {
 915              		.loc 1 511 1 is_stmt 1 view -0
 916              		.cfi_startproc
 917              		@ args = 0, pretend = 0, frame = 0
 918              		@ frame_needed = 0, uses_anonymous_args = 0
 919              		@ link register save eliminated.
 512:Drivers/STM32F3xx_HAL_Driver/Src/stm32f3xx_hal.c ****   CLEAR_BIT(DBGMCU->CR, DBGMCU_CR_DBG_STANDBY);
 920              		.loc 1 512 3 view .LVU157
 921 0000 024A     		ldr	r2, .L92
 922 0002 5368     		ldr	r3, [r2, #4]
 923 0004 23F00403 		bic	r3, r3, #4
 924 0008 5360     		str	r3, [r2, #4]
 513:Drivers/STM32F3xx_HAL_Driver/Src/stm32f3xx_hal.c **** }
 925              		.loc 1 513 1 is_stmt 0 view .LVU158
 926 000a 7047     		bx	lr
 927              	.L93:
 928              		.align	2
 929              	.L92:
 930 000c 002004E0 		.word	-536600576
 931              		.cfi_endproc
 932              	.LFE154:
 934              		.global	uwTickFreq
 935              		.global	uwTickPrio
 936              		.comm	uwTick,4,4
 937              		.section	.data.uwTickFreq,"aw"
 938              		.set	.LANCHOR0,. + 0
 941              	uwTickFreq:
 942 0000 01       		.byte	1
 943              		.section	.data.uwTickPrio,"aw"
 944              		.align	2
 945              		.set	.LANCHOR1,. + 0
 948              	uwTickPrio:
 949 0000 10000000 		.word	16
 950              		.text
 951              	.Letext0:
 952              		.file 2 "/usr/lib/gcc/arm-none-eabi/8.3.1/include/stdint.h"
 953              		.file 3 "Drivers/CMSIS/Include/core_cm4.h"
 954              		.file 4 "Drivers/CMSIS/Device/ST/STM32F3xx/Include/system_stm32f3xx.h"
 955              		.file 5 "Drivers/CMSIS/Device/ST/STM32F3xx/Include/stm32f303xe.h"
 956              		.file 6 "Drivers/STM32F3xx_HAL_Driver/Inc/stm32f3xx_hal_def.h"
 957              		.file 7 "Drivers/STM32F3xx_HAL_Driver/Inc/stm32f3xx_hal.h"
 958              		.file 8 "Drivers/STM32F3xx_HAL_Driver/Inc/stm32f3xx_hal_cortex.h"
ARM GAS  /tmp/ccELFNFN.s 			page 27


DEFINED SYMBOLS
                            *ABS*:0000000000000000 stm32f3xx_hal.c
     /tmp/ccELFNFN.s:18     .text.HAL_MspInit:0000000000000000 $t
     /tmp/ccELFNFN.s:27     .text.HAL_MspInit:0000000000000000 HAL_MspInit
     /tmp/ccELFNFN.s:41     .text.HAL_MspDeInit:0000000000000000 $t
     /tmp/ccELFNFN.s:49     .text.HAL_MspDeInit:0000000000000000 HAL_MspDeInit
     /tmp/ccELFNFN.s:60     .text.HAL_DeInit:0000000000000000 $t
     /tmp/ccELFNFN.s:68     .text.HAL_DeInit:0000000000000000 HAL_DeInit
     /tmp/ccELFNFN.s:108    .text.HAL_DeInit:0000000000000020 $d
     /tmp/ccELFNFN.s:113    .text.HAL_InitTick:0000000000000000 $t
     /tmp/ccELFNFN.s:121    .text.HAL_InitTick:0000000000000000 HAL_InitTick
     /tmp/ccELFNFN.s:199    .text.HAL_InitTick:000000000000003c $d
     /tmp/ccELFNFN.s:206    .text.HAL_Init:0000000000000000 $t
     /tmp/ccELFNFN.s:214    .text.HAL_Init:0000000000000000 HAL_Init
     /tmp/ccELFNFN.s:250    .text.HAL_Init:0000000000000020 $d
     /tmp/ccELFNFN.s:255    .text.HAL_IncTick:0000000000000000 $t
     /tmp/ccELFNFN.s:263    .text.HAL_IncTick:0000000000000000 HAL_IncTick
     /tmp/ccELFNFN.s:283    .text.HAL_IncTick:0000000000000010 $d
                            *COM*:0000000000000004 uwTick
     /tmp/ccELFNFN.s:289    .text.HAL_GetTick:0000000000000000 $t
     /tmp/ccELFNFN.s:297    .text.HAL_GetTick:0000000000000000 HAL_GetTick
     /tmp/ccELFNFN.s:313    .text.HAL_GetTick:0000000000000008 $d
     /tmp/ccELFNFN.s:318    .text.HAL_GetTickPrio:0000000000000000 $t
     /tmp/ccELFNFN.s:326    .text.HAL_GetTickPrio:0000000000000000 HAL_GetTickPrio
     /tmp/ccELFNFN.s:342    .text.HAL_GetTickPrio:0000000000000008 $d
     /tmp/ccELFNFN.s:347    .text.HAL_SetTickFreq:0000000000000000 $t
     /tmp/ccELFNFN.s:355    .text.HAL_SetTickFreq:0000000000000000 HAL_SetTickFreq
     /tmp/ccELFNFN.s:417    .text.HAL_SetTickFreq:0000000000000020 $d
     /tmp/ccELFNFN.s:423    .text.HAL_GetTickFreq:0000000000000000 $t
     /tmp/ccELFNFN.s:431    .text.HAL_GetTickFreq:0000000000000000 HAL_GetTickFreq
     /tmp/ccELFNFN.s:447    .text.HAL_GetTickFreq:0000000000000008 $d
     /tmp/ccELFNFN.s:452    .text.HAL_Delay:0000000000000000 $t
     /tmp/ccELFNFN.s:460    .text.HAL_Delay:0000000000000000 HAL_Delay
     /tmp/ccELFNFN.s:514    .text.HAL_Delay:0000000000000020 $d
     /tmp/ccELFNFN.s:519    .text.HAL_SuspendTick:0000000000000000 $t
     /tmp/ccELFNFN.s:527    .text.HAL_SuspendTick:0000000000000000 HAL_SuspendTick
     /tmp/ccELFNFN.s:545    .text.HAL_SuspendTick:000000000000000c $d
     /tmp/ccELFNFN.s:550    .text.HAL_ResumeTick:0000000000000000 $t
     /tmp/ccELFNFN.s:558    .text.HAL_ResumeTick:0000000000000000 HAL_ResumeTick
     /tmp/ccELFNFN.s:576    .text.HAL_ResumeTick:000000000000000c $d
     /tmp/ccELFNFN.s:581    .text.HAL_GetHalVersion:0000000000000000 $t
     /tmp/ccELFNFN.s:589    .text.HAL_GetHalVersion:0000000000000000 HAL_GetHalVersion
     /tmp/ccELFNFN.s:603    .text.HAL_GetHalVersion:0000000000000004 $d
     /tmp/ccELFNFN.s:608    .text.HAL_GetREVID:0000000000000000 $t
     /tmp/ccELFNFN.s:616    .text.HAL_GetREVID:0000000000000000 HAL_GetREVID
     /tmp/ccELFNFN.s:633    .text.HAL_GetREVID:0000000000000008 $d
     /tmp/ccELFNFN.s:638    .text.HAL_GetDEVID:0000000000000000 $t
     /tmp/ccELFNFN.s:646    .text.HAL_GetDEVID:0000000000000000 HAL_GetDEVID
     /tmp/ccELFNFN.s:663    .text.HAL_GetDEVID:000000000000000c $d
     /tmp/ccELFNFN.s:668    .text.HAL_GetUIDw0:0000000000000000 $t
     /tmp/ccELFNFN.s:676    .text.HAL_GetUIDw0:0000000000000000 HAL_GetUIDw0
     /tmp/ccELFNFN.s:692    .text.HAL_GetUIDw0:0000000000000008 $d
     /tmp/ccELFNFN.s:697    .text.HAL_GetUIDw1:0000000000000000 $t
     /tmp/ccELFNFN.s:705    .text.HAL_GetUIDw1:0000000000000000 HAL_GetUIDw1
     /tmp/ccELFNFN.s:721    .text.HAL_GetUIDw1:0000000000000008 $d
     /tmp/ccELFNFN.s:726    .text.HAL_GetUIDw2:0000000000000000 $t
     /tmp/ccELFNFN.s:734    .text.HAL_GetUIDw2:0000000000000000 HAL_GetUIDw2
ARM GAS  /tmp/ccELFNFN.s 			page 28


     /tmp/ccELFNFN.s:750    .text.HAL_GetUIDw2:0000000000000008 $d
     /tmp/ccELFNFN.s:755    .text.HAL_DBGMCU_EnableDBGSleepMode:0000000000000000 $t
     /tmp/ccELFNFN.s:763    .text.HAL_DBGMCU_EnableDBGSleepMode:0000000000000000 HAL_DBGMCU_EnableDBGSleepMode
     /tmp/ccELFNFN.s:780    .text.HAL_DBGMCU_EnableDBGSleepMode:000000000000000c $d
     /tmp/ccELFNFN.s:785    .text.HAL_DBGMCU_DisableDBGSleepMode:0000000000000000 $t
     /tmp/ccELFNFN.s:793    .text.HAL_DBGMCU_DisableDBGSleepMode:0000000000000000 HAL_DBGMCU_DisableDBGSleepMode
     /tmp/ccELFNFN.s:810    .text.HAL_DBGMCU_DisableDBGSleepMode:000000000000000c $d
     /tmp/ccELFNFN.s:815    .text.HAL_DBGMCU_EnableDBGStopMode:0000000000000000 $t
     /tmp/ccELFNFN.s:823    .text.HAL_DBGMCU_EnableDBGStopMode:0000000000000000 HAL_DBGMCU_EnableDBGStopMode
     /tmp/ccELFNFN.s:840    .text.HAL_DBGMCU_EnableDBGStopMode:000000000000000c $d
     /tmp/ccELFNFN.s:845    .text.HAL_DBGMCU_DisableDBGStopMode:0000000000000000 $t
     /tmp/ccELFNFN.s:853    .text.HAL_DBGMCU_DisableDBGStopMode:0000000000000000 HAL_DBGMCU_DisableDBGStopMode
     /tmp/ccELFNFN.s:870    .text.HAL_DBGMCU_DisableDBGStopMode:000000000000000c $d
     /tmp/ccELFNFN.s:875    .text.HAL_DBGMCU_EnableDBGStandbyMode:0000000000000000 $t
     /tmp/ccELFNFN.s:883    .text.HAL_DBGMCU_EnableDBGStandbyMode:0000000000000000 HAL_DBGMCU_EnableDBGStandbyMode
     /tmp/ccELFNFN.s:900    .text.HAL_DBGMCU_EnableDBGStandbyMode:000000000000000c $d
     /tmp/ccELFNFN.s:905    .text.HAL_DBGMCU_DisableDBGStandbyMode:0000000000000000 $t
     /tmp/ccELFNFN.s:913    .text.HAL_DBGMCU_DisableDBGStandbyMode:0000000000000000 HAL_DBGMCU_DisableDBGStandbyMode
     /tmp/ccELFNFN.s:930    .text.HAL_DBGMCU_DisableDBGStandbyMode:000000000000000c $d
     /tmp/ccELFNFN.s:941    .data.uwTickFreq:0000000000000000 uwTickFreq
     /tmp/ccELFNFN.s:948    .data.uwTickPrio:0000000000000000 uwTickPrio
     /tmp/ccELFNFN.s:944    .data.uwTickPrio:0000000000000000 $d

UNDEFINED SYMBOLS
HAL_SYSTICK_Config
HAL_NVIC_SetPriority
SystemCoreClock
HAL_NVIC_SetPriorityGrouping
