ARM GAS  /tmp/cczEH5uz.s 			page 1


   1              		.cpu cortex-m4
   2              		.eabi_attribute 27, 1
   3              		.eabi_attribute 28, 1
   4              		.eabi_attribute 20, 1
   5              		.eabi_attribute 21, 1
   6              		.eabi_attribute 23, 3
   7              		.eabi_attribute 24, 1
   8              		.eabi_attribute 25, 1
   9              		.eabi_attribute 26, 1
  10              		.eabi_attribute 30, 2
  11              		.eabi_attribute 34, 1
  12              		.eabi_attribute 18, 4
  13              		.file	"stm32f3xx_hal_spi_ex.c"
  14              		.text
  15              	.Ltext0:
  16              		.cfi_sections	.debug_frame
  17              		.section	.text.HAL_SPIEx_FlushRxFifo,"ax",%progbits
  18              		.align	1
  19              		.p2align 2,,3
  20              		.global	HAL_SPIEx_FlushRxFifo
  21              		.arch armv7e-m
  22              		.syntax unified
  23              		.thumb
  24              		.thumb_func
  25              		.fpu fpv4-sp-d16
  27              	HAL_SPIEx_FlushRxFifo:
  28              	.LVL0:
  29              	.LFB130:
  30              		.file 1 "Drivers/STM32F3xx_HAL_Driver/Src/stm32f3xx_hal_spi_ex.c"
   1:Drivers/STM32F3xx_HAL_Driver/Src/stm32f3xx_hal_spi_ex.c **** /**
   2:Drivers/STM32F3xx_HAL_Driver/Src/stm32f3xx_hal_spi_ex.c ****   ******************************************************************************
   3:Drivers/STM32F3xx_HAL_Driver/Src/stm32f3xx_hal_spi_ex.c ****   * @file    stm32f3xx_hal_spi_ex.c
   4:Drivers/STM32F3xx_HAL_Driver/Src/stm32f3xx_hal_spi_ex.c ****   * @author  MCD Application Team
   5:Drivers/STM32F3xx_HAL_Driver/Src/stm32f3xx_hal_spi_ex.c ****   * @brief   Extended SPI HAL module driver.
   6:Drivers/STM32F3xx_HAL_Driver/Src/stm32f3xx_hal_spi_ex.c ****   *          This file provides firmware functions to manage the following
   7:Drivers/STM32F3xx_HAL_Driver/Src/stm32f3xx_hal_spi_ex.c ****   *          SPI peripheral extended functionalities :
   8:Drivers/STM32F3xx_HAL_Driver/Src/stm32f3xx_hal_spi_ex.c ****   *           + IO operation functions
   9:Drivers/STM32F3xx_HAL_Driver/Src/stm32f3xx_hal_spi_ex.c ****   *
  10:Drivers/STM32F3xx_HAL_Driver/Src/stm32f3xx_hal_spi_ex.c ****   ******************************************************************************
  11:Drivers/STM32F3xx_HAL_Driver/Src/stm32f3xx_hal_spi_ex.c ****   * @attention
  12:Drivers/STM32F3xx_HAL_Driver/Src/stm32f3xx_hal_spi_ex.c ****   *
  13:Drivers/STM32F3xx_HAL_Driver/Src/stm32f3xx_hal_spi_ex.c ****   * Copyright (c) 2016 STMicroelectronics.
  14:Drivers/STM32F3xx_HAL_Driver/Src/stm32f3xx_hal_spi_ex.c ****   * All rights reserved.
  15:Drivers/STM32F3xx_HAL_Driver/Src/stm32f3xx_hal_spi_ex.c ****   *
  16:Drivers/STM32F3xx_HAL_Driver/Src/stm32f3xx_hal_spi_ex.c ****   * This software is licensed under terms that can be found in the LICENSE file
  17:Drivers/STM32F3xx_HAL_Driver/Src/stm32f3xx_hal_spi_ex.c ****   * in the root directory of this software component.
  18:Drivers/STM32F3xx_HAL_Driver/Src/stm32f3xx_hal_spi_ex.c ****   * If no LICENSE file comes with this software, it is provided AS-IS.
  19:Drivers/STM32F3xx_HAL_Driver/Src/stm32f3xx_hal_spi_ex.c ****   *
  20:Drivers/STM32F3xx_HAL_Driver/Src/stm32f3xx_hal_spi_ex.c ****   ******************************************************************************
  21:Drivers/STM32F3xx_HAL_Driver/Src/stm32f3xx_hal_spi_ex.c ****   */
  22:Drivers/STM32F3xx_HAL_Driver/Src/stm32f3xx_hal_spi_ex.c **** 
  23:Drivers/STM32F3xx_HAL_Driver/Src/stm32f3xx_hal_spi_ex.c **** /* Includes ------------------------------------------------------------------*/
  24:Drivers/STM32F3xx_HAL_Driver/Src/stm32f3xx_hal_spi_ex.c **** #include "stm32f3xx_hal.h"
  25:Drivers/STM32F3xx_HAL_Driver/Src/stm32f3xx_hal_spi_ex.c **** 
  26:Drivers/STM32F3xx_HAL_Driver/Src/stm32f3xx_hal_spi_ex.c **** /** @addtogroup STM32F3xx_HAL_Driver
  27:Drivers/STM32F3xx_HAL_Driver/Src/stm32f3xx_hal_spi_ex.c ****   * @{
  28:Drivers/STM32F3xx_HAL_Driver/Src/stm32f3xx_hal_spi_ex.c ****   */
ARM GAS  /tmp/cczEH5uz.s 			page 2


  29:Drivers/STM32F3xx_HAL_Driver/Src/stm32f3xx_hal_spi_ex.c **** 
  30:Drivers/STM32F3xx_HAL_Driver/Src/stm32f3xx_hal_spi_ex.c **** /** @defgroup SPIEx SPIEx
  31:Drivers/STM32F3xx_HAL_Driver/Src/stm32f3xx_hal_spi_ex.c ****   * @brief SPI Extended HAL module driver
  32:Drivers/STM32F3xx_HAL_Driver/Src/stm32f3xx_hal_spi_ex.c ****   * @{
  33:Drivers/STM32F3xx_HAL_Driver/Src/stm32f3xx_hal_spi_ex.c ****   */
  34:Drivers/STM32F3xx_HAL_Driver/Src/stm32f3xx_hal_spi_ex.c **** #ifdef HAL_SPI_MODULE_ENABLED
  35:Drivers/STM32F3xx_HAL_Driver/Src/stm32f3xx_hal_spi_ex.c **** 
  36:Drivers/STM32F3xx_HAL_Driver/Src/stm32f3xx_hal_spi_ex.c **** /* Private typedef -----------------------------------------------------------*/
  37:Drivers/STM32F3xx_HAL_Driver/Src/stm32f3xx_hal_spi_ex.c **** /* Private defines -----------------------------------------------------------*/
  38:Drivers/STM32F3xx_HAL_Driver/Src/stm32f3xx_hal_spi_ex.c **** /** @defgroup SPIEx_Private_Constants SPIEx Private Constants
  39:Drivers/STM32F3xx_HAL_Driver/Src/stm32f3xx_hal_spi_ex.c ****   * @{
  40:Drivers/STM32F3xx_HAL_Driver/Src/stm32f3xx_hal_spi_ex.c ****   */
  41:Drivers/STM32F3xx_HAL_Driver/Src/stm32f3xx_hal_spi_ex.c **** #define SPI_FIFO_SIZE       4UL
  42:Drivers/STM32F3xx_HAL_Driver/Src/stm32f3xx_hal_spi_ex.c **** /**
  43:Drivers/STM32F3xx_HAL_Driver/Src/stm32f3xx_hal_spi_ex.c ****   * @}
  44:Drivers/STM32F3xx_HAL_Driver/Src/stm32f3xx_hal_spi_ex.c ****   */
  45:Drivers/STM32F3xx_HAL_Driver/Src/stm32f3xx_hal_spi_ex.c **** 
  46:Drivers/STM32F3xx_HAL_Driver/Src/stm32f3xx_hal_spi_ex.c **** /* Private macros ------------------------------------------------------------*/
  47:Drivers/STM32F3xx_HAL_Driver/Src/stm32f3xx_hal_spi_ex.c **** /* Private variables ---------------------------------------------------------*/
  48:Drivers/STM32F3xx_HAL_Driver/Src/stm32f3xx_hal_spi_ex.c **** /* Private function prototypes -----------------------------------------------*/
  49:Drivers/STM32F3xx_HAL_Driver/Src/stm32f3xx_hal_spi_ex.c **** /* Exported functions --------------------------------------------------------*/
  50:Drivers/STM32F3xx_HAL_Driver/Src/stm32f3xx_hal_spi_ex.c **** 
  51:Drivers/STM32F3xx_HAL_Driver/Src/stm32f3xx_hal_spi_ex.c **** /** @defgroup SPIEx_Exported_Functions SPIEx Exported Functions
  52:Drivers/STM32F3xx_HAL_Driver/Src/stm32f3xx_hal_spi_ex.c ****   * @{
  53:Drivers/STM32F3xx_HAL_Driver/Src/stm32f3xx_hal_spi_ex.c ****   */
  54:Drivers/STM32F3xx_HAL_Driver/Src/stm32f3xx_hal_spi_ex.c **** 
  55:Drivers/STM32F3xx_HAL_Driver/Src/stm32f3xx_hal_spi_ex.c **** /** @defgroup SPIEx_Exported_Functions_Group1 IO operation functions
  56:Drivers/STM32F3xx_HAL_Driver/Src/stm32f3xx_hal_spi_ex.c ****   *  @brief   Data transfers functions
  57:Drivers/STM32F3xx_HAL_Driver/Src/stm32f3xx_hal_spi_ex.c ****   *
  58:Drivers/STM32F3xx_HAL_Driver/Src/stm32f3xx_hal_spi_ex.c **** @verbatim
  59:Drivers/STM32F3xx_HAL_Driver/Src/stm32f3xx_hal_spi_ex.c ****   ==============================================================================
  60:Drivers/STM32F3xx_HAL_Driver/Src/stm32f3xx_hal_spi_ex.c ****                       ##### IO operation functions #####
  61:Drivers/STM32F3xx_HAL_Driver/Src/stm32f3xx_hal_spi_ex.c ****  ===============================================================================
  62:Drivers/STM32F3xx_HAL_Driver/Src/stm32f3xx_hal_spi_ex.c ****  [..]
  63:Drivers/STM32F3xx_HAL_Driver/Src/stm32f3xx_hal_spi_ex.c ****     This subsection provides a set of extended functions to manage the SPI
  64:Drivers/STM32F3xx_HAL_Driver/Src/stm32f3xx_hal_spi_ex.c ****     data transfers.
  65:Drivers/STM32F3xx_HAL_Driver/Src/stm32f3xx_hal_spi_ex.c **** 
  66:Drivers/STM32F3xx_HAL_Driver/Src/stm32f3xx_hal_spi_ex.c ****     (#) Rx data flush function:
  67:Drivers/STM32F3xx_HAL_Driver/Src/stm32f3xx_hal_spi_ex.c ****         (++) HAL_SPIEx_FlushRxFifo()
  68:Drivers/STM32F3xx_HAL_Driver/Src/stm32f3xx_hal_spi_ex.c **** 
  69:Drivers/STM32F3xx_HAL_Driver/Src/stm32f3xx_hal_spi_ex.c **** @endverbatim
  70:Drivers/STM32F3xx_HAL_Driver/Src/stm32f3xx_hal_spi_ex.c ****   * @{
  71:Drivers/STM32F3xx_HAL_Driver/Src/stm32f3xx_hal_spi_ex.c ****   */
  72:Drivers/STM32F3xx_HAL_Driver/Src/stm32f3xx_hal_spi_ex.c **** 
  73:Drivers/STM32F3xx_HAL_Driver/Src/stm32f3xx_hal_spi_ex.c **** /**
  74:Drivers/STM32F3xx_HAL_Driver/Src/stm32f3xx_hal_spi_ex.c ****   * @brief  Flush the RX fifo.
  75:Drivers/STM32F3xx_HAL_Driver/Src/stm32f3xx_hal_spi_ex.c ****   * @param  hspi pointer to a SPI_HandleTypeDef structure that contains
  76:Drivers/STM32F3xx_HAL_Driver/Src/stm32f3xx_hal_spi_ex.c ****   *               the configuration information for the specified SPI module.
  77:Drivers/STM32F3xx_HAL_Driver/Src/stm32f3xx_hal_spi_ex.c ****   * @retval HAL status
  78:Drivers/STM32F3xx_HAL_Driver/Src/stm32f3xx_hal_spi_ex.c ****   */
  79:Drivers/STM32F3xx_HAL_Driver/Src/stm32f3xx_hal_spi_ex.c **** HAL_StatusTypeDef HAL_SPIEx_FlushRxFifo(SPI_HandleTypeDef *hspi)
  80:Drivers/STM32F3xx_HAL_Driver/Src/stm32f3xx_hal_spi_ex.c **** {
  31              		.loc 1 80 1 view -0
  32              		.cfi_startproc
  33              		@ args = 0, pretend = 0, frame = 8
  34              		@ frame_needed = 0, uses_anonymous_args = 0
  35              		@ link register save eliminated.
ARM GAS  /tmp/cczEH5uz.s 			page 3


  81:Drivers/STM32F3xx_HAL_Driver/Src/stm32f3xx_hal_spi_ex.c ****   __IO uint32_t tmpreg;
  36              		.loc 1 81 3 view .LVU1
  82:Drivers/STM32F3xx_HAL_Driver/Src/stm32f3xx_hal_spi_ex.c ****   uint8_t  count = 0U;
  37              		.loc 1 82 3 view .LVU2
  83:Drivers/STM32F3xx_HAL_Driver/Src/stm32f3xx_hal_spi_ex.c ****   while ((hspi->Instance->SR & SPI_FLAG_FRLVL) !=  SPI_FRLVL_EMPTY)
  38              		.loc 1 83 3 view .LVU3
  39              		.loc 1 83 15 is_stmt 0 view .LVU4
  40 0000 0268     		ldr	r2, [r0]
  41              		.loc 1 83 25 view .LVU5
  42 0002 9068     		ldr	r0, [r2, #8]
  43              	.LVL1:
  44              		.loc 1 83 9 view .LVU6
  45 0004 0423     		movs	r3, #4
  84:Drivers/STM32F3xx_HAL_Driver/Src/stm32f3xx_hal_spi_ex.c ****   {
  85:Drivers/STM32F3xx_HAL_Driver/Src/stm32f3xx_hal_spi_ex.c ****     count++;
  46              		.loc 1 85 5 is_stmt 1 view .LVU7
  47              	.LVL2:
  86:Drivers/STM32F3xx_HAL_Driver/Src/stm32f3xx_hal_spi_ex.c ****     tmpreg = hspi->Instance->DR;
  48              		.loc 1 86 5 view .LVU8
  83:Drivers/STM32F3xx_HAL_Driver/Src/stm32f3xx_hal_spi_ex.c ****   while ((hspi->Instance->SR & SPI_FLAG_FRLVL) !=  SPI_FRLVL_EMPTY)
  49              		.loc 1 83 9 is_stmt 0 view .LVU9
  50 0006 10F4C060 		ands	r0, r0, #1536
  51 000a 03F1FF33 		add	r3, r3, #-1
  52              	.LVL3:
  83:Drivers/STM32F3xx_HAL_Driver/Src/stm32f3xx_hal_spi_ex.c ****   while ((hspi->Instance->SR & SPI_FLAG_FRLVL) !=  SPI_FRLVL_EMPTY)
  53              		.loc 1 83 9 view .LVU10
  54 000e 10D0     		beq	.L12
  80:Drivers/STM32F3xx_HAL_Driver/Src/stm32f3xx_hal_spi_ex.c ****   __IO uint32_t tmpreg;
  55              		.loc 1 80 1 view .LVU11
  56 0010 82B0     		sub	sp, sp, #8
  57              	.LCFI0:
  58              		.cfi_def_cfa_offset 8
  59 0012 05E0     		b	.L4
  60              	.LVL4:
  61              	.L13:
  85:Drivers/STM32F3xx_HAL_Driver/Src/stm32f3xx_hal_spi_ex.c ****     tmpreg = hspi->Instance->DR;
  62              		.loc 1 85 5 is_stmt 1 view .LVU12
  63              		.loc 1 86 5 view .LVU13
  83:Drivers/STM32F3xx_HAL_Driver/Src/stm32f3xx_hal_spi_ex.c ****   {
  64              		.loc 1 83 25 is_stmt 0 view .LVU14
  65 0014 9068     		ldr	r0, [r2, #8]
  83:Drivers/STM32F3xx_HAL_Driver/Src/stm32f3xx_hal_spi_ex.c ****   {
  66              		.loc 1 83 9 view .LVU15
  67 0016 10F4C060 		ands	r0, r0, #1536
  68 001a 03F1FF33 		add	r3, r3, #-1
  69              	.LVL5:
  83:Drivers/STM32F3xx_HAL_Driver/Src/stm32f3xx_hal_spi_ex.c ****   {
  70              		.loc 1 83 9 view .LVU16
  71 001e 06D0     		beq	.L3
  72              	.L4:
  73              		.loc 1 86 28 view .LVU17
  74 0020 D168     		ldr	r1, [r2, #12]
  75              		.loc 1 86 12 view .LVU18
  76 0022 0191     		str	r1, [sp, #4]
  87:Drivers/STM32F3xx_HAL_Driver/Src/stm32f3xx_hal_spi_ex.c ****     UNUSED(tmpreg); /* To avoid GCC warning */
  77              		.loc 1 87 5 is_stmt 1 view .LVU19
  88:Drivers/STM32F3xx_HAL_Driver/Src/stm32f3xx_hal_spi_ex.c ****     if (count == SPI_FIFO_SIZE)
ARM GAS  /tmp/cczEH5uz.s 			page 4


  78              		.loc 1 88 8 is_stmt 0 view .LVU20
  79 0024 13F0FF03 		ands	r3, r3, #255
  87:Drivers/STM32F3xx_HAL_Driver/Src/stm32f3xx_hal_spi_ex.c ****     UNUSED(tmpreg); /* To avoid GCC warning */
  80              		.loc 1 87 5 view .LVU21
  81 0028 0199     		ldr	r1, [sp, #4]
  82              		.loc 1 88 5 is_stmt 1 view .LVU22
  83              		.loc 1 88 8 is_stmt 0 view .LVU23
  84 002a F3D1     		bne	.L13
  89:Drivers/STM32F3xx_HAL_Driver/Src/stm32f3xx_hal_spi_ex.c ****     {
  90:Drivers/STM32F3xx_HAL_Driver/Src/stm32f3xx_hal_spi_ex.c ****       return HAL_TIMEOUT;
  85              		.loc 1 90 14 view .LVU24
  86 002c 0320     		movs	r0, #3
  87              	.L3:
  91:Drivers/STM32F3xx_HAL_Driver/Src/stm32f3xx_hal_spi_ex.c ****     }
  92:Drivers/STM32F3xx_HAL_Driver/Src/stm32f3xx_hal_spi_ex.c ****   }
  93:Drivers/STM32F3xx_HAL_Driver/Src/stm32f3xx_hal_spi_ex.c ****   return HAL_OK;
  94:Drivers/STM32F3xx_HAL_Driver/Src/stm32f3xx_hal_spi_ex.c **** }
  88              		.loc 1 94 1 view .LVU25
  89 002e 02B0     		add	sp, sp, #8
  90              	.LCFI1:
  91              		.cfi_def_cfa_offset 0
  92              		@ sp needed
  93 0030 7047     		bx	lr
  94              	.LVL6:
  95              	.L12:
  96              		.loc 1 94 1 view .LVU26
  97 0032 7047     		bx	lr
  98              		.cfi_endproc
  99              	.LFE130:
 101              		.text
 102              	.Letext0:
 103              		.file 2 "/usr/lib/gcc/arm-none-eabi/8.3.1/include/stdint.h"
 104              		.file 3 "Drivers/CMSIS/Include/core_cm4.h"
 105              		.file 4 "Drivers/CMSIS/Device/ST/STM32F3xx/Include/system_stm32f3xx.h"
 106              		.file 5 "Drivers/CMSIS/Device/ST/STM32F3xx/Include/stm32f303xe.h"
 107              		.file 6 "Drivers/STM32F3xx_HAL_Driver/Inc/stm32f3xx_hal_def.h"
 108              		.file 7 "Drivers/STM32F3xx_HAL_Driver/Inc/stm32f3xx_hal_dma.h"
 109              		.file 8 "Drivers/STM32F3xx_HAL_Driver/Inc/stm32f3xx_hal_spi.h"
 110              		.file 9 "Drivers/STM32F3xx_HAL_Driver/Inc/stm32f3xx_hal.h"
ARM GAS  /tmp/cczEH5uz.s 			page 5


DEFINED SYMBOLS
                            *ABS*:0000000000000000 stm32f3xx_hal_spi_ex.c
     /tmp/cczEH5uz.s:18     .text.HAL_SPIEx_FlushRxFifo:0000000000000000 $t
     /tmp/cczEH5uz.s:27     .text.HAL_SPIEx_FlushRxFifo:0000000000000000 HAL_SPIEx_FlushRxFifo

NO UNDEFINED SYMBOLS
